node   1  (   0,    0) (   0,    0) (   0,    0) (   0,    0) (   0,    0) (   0,    0) (   0,    0) (   0,    0) (   0,    0) (   0,    0)
          (   0,    0) (   0,    0) (   0,    0) (   0,    0) (   0,    0) (   0,    0) (   0,    0) (   0,    0) (   0,    0) (   0,    0)
          (   0,    0) (   0,    0) (   0,    0) (   0,    0) (   0,    0) (   0,    0) (   0,    0) (   0,    0) (   0,    0) (   0,    0)
          (   0,    0) (   0,    0) (   0,    0) (   0,    0) (   0,    0) (   0,    0) (   0,    0) (   0,    0) (   0,    0) (   0,    0)
          (   0,    0) (   0,    0) (   0,    0) (   0,    0) (   0,    0) (   0,    0) (   0,    0) (   0,    0) (   0,    0) (   0,    0)
          (   0,    0) (   0,    0) (   0,    0) (   0,    0) (   0,    0) (   0,    0) (   0,    0) (   0,    0) (   0,    0) (   0,    0)
          (   0,    0) (   0,    0) (   0,    0) (   0,    0) (   0,    0) (   0,    0) (   0,    0) (   0,    0) (   0,    0) (   0,    0)
          (   0,    0) (   0,    0) (   0,    0) (   0,    0) (   0,    0) (   0,    0) (   0,    0) (   0,    0) (   0,    0) (   0,    0)
          (   0,    0) (   0,    0) (   0,    0) (   0,    0) (   0,    0) (   0,    0) (   0,    0) (   0,    0) (   0,    0) (   0,    0)
          (   0,    0) (   0,    0) (   0,    0) (   0,    0) (   0,    0) (   0,    0) (   0,    0) (   0,    0) (   0,    0) (   0,    0)
          (  36,    0) (   9,    9) (   0,   36) (   0,   18) (   0,   18) (   0,   18) (   0,   18) (   0,   18) (   0,   18) (   0,   18)
          (   0,   18) (   0,   18) (   0,   18) (   0,   18) (   0,   18) (   0,   18) (   0,   18) (   0,   18) (   0,   18) (   0,   18)
          (   0,   18) (   0,   18) (   0,   18) (   0,   18) (   0,   18) (   0,   18) (   0,   18) (   0,   18) (   0,   18) (   0,   18)
          (   0,   18) (   0,   18) (   0,   18) (   0,   18) (   0,   18) (   0,   18) (   0,   18) (   0,   18) (   0,   18) (   0,   18)
          (   0,   18) (   0,   18) (   0,   18) (   0,   18) (   0,   18) (   0,   18) (   0,   18) (   0,   18) (   0,   18) (   0,   18)
          (   0,   18) (   0,   18) (   0,   18) (   0,   18) (   0,   18) (   0,   18) (   0,   18) (   0,   18) (   0,   18) (   0,   18)
          (   0,   18) (   0,   18) (   0,   18) (   0,   18) (   0,   18) (   0,   18) (   0,   18) (   0,   18) (   0,   18) (   0,   18)
          (   0,   18) (   0,   18) (   0,   18) (   0,   18) (   0,   18) (   0,   18) (   0,   18) (   0,    9) (   0,    9) (   0,    9)
          (   0,    9) (   0,    9) (   0,    9) (   0,    9) (   0,    9) (   0,    9) (   0,    9) (   0,    9) (   0,    9) (   0,    9)
          (   0,    9) (   0,    9) (   0,    9) (   0,    9) (   0,    9) (   0,    9) (  27,   18) (   0,   12) (   0,   24) (   0,   24)
          (   0,   24) (   0,   24) (   0,   24) (   0,   24) (   0,   24) (   0,   24) (   0,   24) (   0,   24) (   0,   24) (   0,   24)
          (   0,   24) (   0,   24) (   0,   24) (   0,   24) (   0,   24) (   0,   24) (   0,   24) (   0,   24) (   0,   24) (   0,   24)
          (   0,   24) (   0,   24) (   0,   24) (   0,   24) (   0,   24) (   0,   24) (   0,    0) (   0,    0) (   0,    0) (   0,    0)
          (   0,    0) (   0,    0) (   0,    0) (   0,    0) (   0,    0) (   0,    0) (   0,    0) (   0,    0) (   0,    0) (   0,    0)
          (   0,    0) (   0,    0) (   0,    0) (   0,    0) (   0,    0) (   0,    0) (   0,    0) (   0,    0) (   0,    0) (   0,    0)
          (   0,    0) (   0,    0) (   0,    0) (   0,    0) (   0,    0) (   0,    0) (   0,    0) (   0,    0) (   0,    0) (   0,    0)
          (   0,    0) (   0,    0) (   0,    0) (   0,    0) (   0,    0) (   0,    0) (   0,    0) (   0,    0) (   0,    0) (   0,    0)
          (   0,    0) (   0,    0) (   0,    0) (   0,    0) (   0,    0) (   0,    0) (   0,    0) (   0,    0) (   0,    0) (   0,    0)
          (   0,    0) (   0,    0) (   0,    0) (   0,    0) (   0,    0) (   0,    0) (   0,    0) (   0,    0) (   0,    0) (   0,    0)
          (   0,    0) (   0,    0) (   0,    0) (   0,    0) (   0,    0) (   0,    0) (   0,    0) (   0,    0) (   0,    0) (   0,    0)
          (   0,    0) (   0,    0) (   0,    0) (   0,    0) (   0,    0) (   0,    0) (   0,    0) (   0,    0) (   0,    0) (   0,    0)
          (   0,    0) (   0,    0) (   0,    0) (   0,    0) (   0,    0) (   0,    0) (   0,    0) (   0,    0) (   0,    0) (   0,    0)
          (   0,    0) (   0,    0) (   0,    0) (   0,    0) (   0,    0) (   0,    0) (   0,    0) (   0,    0) (   0,    0) (   0,    0)
          (   0,    0) (   0,    0) (   0,    0) (   0,    0) (   0,    0) (   0,    0) (   0,    0) (   0,    0) (   0,    0) (   0,    0)
          (   0,    0) (   0,    0) (   0,    0) (   0,    0) (   0,    0) (   0,    0) (   0,    0) (   0,    0) (   0,    0) (   0,    0)
          (   0,    0) (   0,    0) (   0,    0) (   0,    0) (   0,    0) (   0,    0) (   0,    0) (   0,    0) (   0,    0) (   0,    0)
          (   0,    0) (   0,    0) (   0,    0) (   0,    0) (   0,    0) (   0,    0) (   0,    0) (   0,    0) (   0,    0) (   0,    0)
          (   0,    0) (   0,    0) (   0,    0) (   0,    0) (   0,    0) (   0,    0) (   0,    0) (   0,    0) (   0,    0) (   0,    0)
          (   0,    0) (   0,    0) (   0,    0) (   0,    0) (   0,    0) (   0,    0) (   0,    0) (   0,    0) (   0,    0) (   0,    0)
          (   0,    0) (   0,    0) (   0,    0) (   0,    0) (   0,    0) (   0,    0) (   0,    0) (   0,    0) (   0,    0) (   0,    0)
          (   0,    0) (   0,    0) (   0,    0) (   0,    0) (   0,    0) (   0,    0) (   0,    0) (   0,    0) (   0,    0) (   0,    0)
          (   0,    0) (   0,    0) (   0,    0) (   0,    0) (   0,    0) (   0,    0) (   0,    0) (   0,    0) (   0,    0) (   0,    0)
          (   0,    0) (   0,    0) (   0,    0) (   0,    0) (   0,    0) (   0,    0) (   0,    0) (   0,    0) (   0,    0) (   0,    0)
          (   0,    0) (   0,    0) (   0,    0) (   0,    0) (   0,    0) (   0,    0) (   0,    0) (   0,    0) (   0,    0) (   0,    0)
          (   0,    0) (   0,    0) (   0,    0) (   0,    0) (   0,    0) (   0,    0) (   0,    0) (   0,    0) (   0,    0) (   0,    0)
          (   0,    0) (   0,    0) (   0,    0) (   0,    0) (   0,    0) (   0,    0) (   0,    0) (   0,    0) (   0,    0) (   0,    0)
          (   0,    0) (   0,    0) (   0,    0) (   0,    0) (   0,    0) (   0,    0) (   0,    0) (   0,    0) (   0,    0) (   0,    0)
          (   0,    0) (   0,    0) (   0,    0) (   0,    0) (   0,    0) (   0,    0) (   0,    0) (   0,    0) (   0,    0) (   0,    0)
          (   0,    0) (   0,    0) (   0,    0) (   0,    0) (   0,    0) (   0,    0) (   0,    0) (   0,    0) (   0,    0) (   0,    0)
          (   0,    0) (   0,    0) (   0,    0) (   0,    0) (   0,    0) (   0,    0) (   0,    0) (   0,    0) (   0,    0) (   0,    0)
          (   0,    0) (   0,    0) (   0,    0) (   0,    0) (   0,    0) (   0,    0) (   0,    0) (   0,    0) (   0,    0) (   0,    0)
          (   0,    0) (   0,    0) (   0,    0) (   0,    0) (   0,    0) (   0,    0) (   0,    0) (   0,    0) (   0,    0) (   0,    0)
          (   0,    0) (   0,    0) (   0,    0) (   0,    0) (   0,    0) (   0,    0) (   0,    0) (   0,    0) (   0,    0) (   0,    0)
          (   0,    0) (   0,    0) (   0,    0) (   0,    0) (   0,    0) (   0,    0) (   0,    0) (   0,    0) (   0,    0) (   0,    0)
          (   0,    0) (   0,    0) (   0,    0) (   0,    0) (   0,    0) (   0,    0) (   0,    0) (   0,    0) (   0,    0) (   0,    0)
          (   0,    0) (   0,    0) (   0,    0) (   0,    0) (   0,    0) (   0,    0) (   0,    0) (   0,    0) (   0,    0) (   0,    0)
          (   0,    0) (   0,    0) (   0,    0) (   0,    0) (   0,    0) (   0,    0) (   0,    0) (   0,    0) (   0,    0) (   0,    0)
          (   0,    0) (   0,    0) (   0,    0) (   0,    0) (   0,    0) (   0,    0) (   0,    0) (   0,    0) (   0,    0) (   0,    0)
          (   0,    0) (   0,    0) (   0,    0) (   0,    0) (   0,    0) (   0,    0) (   0,    0) (   0,    0) (   0,    0) (   0,    0)
          (   0,    0) (   0,    0) (   0,    0) (   0,    0) (   0,    0) (   0,    0) (   0,    0) (   0,    0) (   0,    0) (   0,    0)
          (   0,    0) (   0,    0) (   0,    0) (   0,    0) (   0,    0) (   0,    0) (   0,    0) (   0,    0) (   0,    0) (   0,    0)
          (   0,    0) (   0,    0) (   0,    0) (   0,    0) (   0,    0) (   0,    0) (   0,    0) (   0,    0) (   0,    0) (   0,    0)
          (   0,    0) (   0,    0) (   0,    0) (   0,    0) (   0,    0) (   0,    0) (   0,    0) (   0,    0) (   0,    0) (   0,    0)
          (   0,    0) (   0,    0) (   0,    0) (   0,    0) (   0,    0) (   0,    0) (   0,    0) (   0,    0) (   0,    0) (   0,    0)
          (   0,    0) (   0,    0) (   0,    0) (   0,    0) (   0,    0) (   0,    0) (   0,    0) (   0,    0) (   0,    0) (   0,    0)
          (   0,    0) (   0,    0) (   0,    0) (   0,    0) (   0,    0) (   0,    0) (   0,    0) (   0,    0) (   0,    0) (   0,    0)
          (   0,    0) (   0,    0) (   0,    0) (   0,    0) (   0,    0) (   0,    0) (   0,    0) (   0,    0) (   0,    0) (   0,    0)
          (   0,    0) (   0,    0) (   0,    0) (   0,    0) (   0,    0) (   0,    0) (   0,    0) (   0,    0) (   0,    0) (   0,    0)
          (   0,    0) (   0,    0) (   0,    0) (   0,    0) (   0,    0) (   0,    0) (   0,    0) (   0,    0) (   0,    0) (   0,    0)
          (   0,    0) (   0,    0) (   0,    0) (   0,    0) (   0,    0) (   0,    0) (   0,    0) (   0,    0) (   0,    0) (   0,    0)
         
node   1 sent_total     72  recv_total   2250

node   2  (   0,    0) (   0,    0) (   0,    0) (   0,    0) (   0,    0) (   0,    0) (   0,    0) (   0,    0) (   0,    0) (   0,    0)
          (   0,    0) (   0,    0) (   0,    0) (   0,    0) (   0,    0) (   0,    0) (   0,    0) (   0,    0) (   0,    0) (   0,    0)
          (   0,    0) (   0,    0) (   0,    0) (   0,    0) (   0,    0) (   0,    0) (   0,    0) (   0,    0) (   0,    0) (   0,    0)
          (   0,    0) (   0,    0) (   0,    0) (   0,    0) (   0,    0) (   0,    0) (   0,    0) (   0,    0) (   0,    0) (   0,    0)
          (   0,    0) (   0,    0) (   0,    0) (   0,    0) (   0,    0) (   0,    0) (   0,    0) (   0,    0) (   0,    0) (   0,    0)
          (   0,    0) (   0,    0) (   0,    0) (   0,    0) (   0,    0) (   0,    0) (   0,    0) (   0,    0) (   0,    0) (   0,    0)
          (   0,    0) (   0,    0) (   0,    0) (   0,    0) (   0,    0) (   0,    0) (   0,    0) (   0,    0) (   0,    0) (   0,    0)
          (   0,    0) (   0,    0) (   0,    0) (   0,    0) (   0,    0) (   0,    0) (   0,    0) (   0,    0) (   0,    0) (   0,    0)
          (   0,    0) (   0,    0) (   0,    0) (   0,    0) (   0,    0) (   0,    0) (   0,    0) (   0,    0) (   0,    0) (   0,    0)
          (   0,    0) (   0,    0) (   0,    0) (   0,    0) (   0,    0) (   0,    0) (   0,    0) (   0,    0) (   0,    0) (   0,    0)
          (  27,    0) (   7,    7) (  21,   34) (  21,   20) (  21,   20) (  21,   20) (  21,   20) (  21,   20) (  21,   20) (  21,   20)
          (  21,   20) (  21,   20) (  21,   20) (  21,   20) (  21,   20) (  21,   20) (  21,   20) (  21,   20) (  21,   20) (  21,   20)
          (  21,   20) (  21,   20) (  21,   20) (  21,   20) (  21,   20) (  21,   20) (  21,   20) (  21,   20) (  21,   20) (  21,   20)
          (  21,   20) (  21,   20) (  21,   20) (  21,   20) (  21,   20) (  21,   20) (  21,   20) (  21,   20) (  21,   20) (  21,   20)
          (  21,   20) (  21,   20) (  21,   20) (  21,   20) (  21,   20) (  21,   20) (  21,   20) (  21,   20) (  21,   20) (  21,   20)
          (  21,   20) (  21,   20) (  21,   20) (  21,   20) (  21,   20) (  21,   20) (  21,   20) (  21,   20) (  21,   20) (  21,   20)
          (  21,   20) (  21,   20) (  21,   20) (  21,   20) (  21,   20) (  21,   20) (  21,   20) (  21,   20) (  21,   20) (  21,   20)
          (  21,   20) (  21,   20) (  21,   20) (  21,   20) (  21,   20) (  24,   20) (  21,   20) (  21,   21) (  21,   19) (  21,   19)
          (  21,   19) (  21,   19) (  21,   19) (  21,   19) (  21,   19) (  21,   19) (  21,   19) (  21,   19) (  21,   19) (  21,   19)
          (  21,   19) (  21,   19) (  21,   19) (  21,   19) (  21,   19) (  21,   19) (  21,   28) (  45,   35) (  45,   36) (  45,   36)
          (  45,   36) (  45,   36) (  45,   36) (  45,   36) (  45,   36) (  45,   36) (  45,   36) (  45,   36) (  45,   36) (  45,   36)
          (  45,   36) (  45,   36) (  45,   36) (  45,   36) (  45,   36) (  45,   36) (  45,   36) (  45,   36) (  45,   36) (  45,   36)
          (  45,   36) (  45,   36) (  45,   36) (  45,   36) (  45,   36) (  45,   36) (   0,   21) (   0,   13) (   0,   13) (   0,   13)
          (   0,   13) (   0,   13) (   0,   13) (   0,   13) (   0,   13) (   0,   13) (   0,   13) (   0,   13) (   0,   13) (   0,   13)
          (   0,   13) (   0,   13) (   0,   13) (   0,   13) (   0,   13) (   0,   13) (  45,   28) (   0,   26) (   0,   59) (   0,   62)
          (   0,   62) (   0,   62) (   0,   62) (   0,   62) (   0,   62) (   0,   62) (   0,   62) (   0,   62) (   0,   62) (   0,   62)
          (   0,   62) (   0,   62) (   0,   62) (   0,   62) (   0,   62) (   0,   62) (   0,   62) (   0,   62) (   0,   62) (   0,   62)
          (   0,   62) (   0,   62) (   0,   62) (   0,   62) (   0,   62) (   0,   62) (   1,   63) (   0,   62) (   0,   62) (   0,   62)
          (   0,   62) (   0,   62) (   0,   62) (   0,   62) (   0,   62) (   3,   62) (   2,   64) (   0,   65) (   0,   62) (   0,   62)
          (   0,   62) (   0,   62) (   0,   62) (   0,   62) (   0,   62) (   0,   62) (   0,   62) (   0,   62) (   0,   62) (   0,   62)
          (   0,   62) (   0,   62) (   0,   62) (   0,   62) (   0,   62) (   0,   62) (   0,   62) (   0,   62) (   0,   62) (   0,   62)
          (   0,   62) (   0,   62) (   0,   62) (   0,   62) (   0,   62) (   0,   62) (   0,   62) (   0,   62) (   0,   62) (   0,   62)
          (   0,   62) (   0,   62) (   0,   62) (   0,   62) (   0,   62) (   0,   62) (   0,   62) (   0,   62) (   0,   62) (   0,   62)
          (   0,   62) (   0,   62) (   0,   62) (   0,   62) (   0,   62) (   0,   62) (   0,   62) (   0,   62) (   0,   62) (   0,   62)
          (   0,   62) (   0,   62) (   0,   62) (   0,   62) (   0,   62) (   0,   62) (   0,   62) (   0,   62) (   0,   62) (   0,   62)
          (   0,   62) (   0,   62) (   0,   62) (   0,   62) (   0,   62) (   0,   62) (   0,   62) (   0,   62) (   0,   62) (   0,   62)
          (   0,   62) (   0,   62) (   0,   62) (   0,   62) (   0,   62) (   0,   62) (   0,   62) (   0,   62) (   0,   62) (   0,   62)
          (   0,   62) (   0,   62) (   0,   62) (   0,   62) (   0,   62) (   0,   62) (   0,   62) (   0,   62) (   0,   62) (   0,   62)
          (   0,   62) (   0,   62) (   0,   62) (   0,   62) (   0,   62) (   0,   62) (   0,   62) (   0,   62) (   0,   62) (   0,   62)
          (   0,   62) (   0,   62) (   0,   62) (   0,   62) (   0,   62) (   0,   62) (   0,   62) (   0,   62) (   0,   62) (   0,   62)
          (   0,   62) (   0,   62) (   0,   62) (   0,   62) (   0,   62) (   0,   62) (   0,   62) (   0,   62) (   0,   62) (   0,   62)
          (   0,   62) (   0,   62) (   0,   62) (   0,   62) (   0,   62) (   0,   62) (   0,   62) (   0,   62) (   0,   62) (   0,   62)
          (   0,   62) (   0,   62) (   0,   62) (   0,   62) (   0,   62) (   0,   62) (   0,   62) (   0,   62) (   0,   62) (   0,   62)
          (   0,   62) (   0,   62) (   0,   62) (   0,   62) (   0,   62) (   0,   62) (   0,   62) (   0,   62) (   0,   62) (   0,   62)
          (   0,   62) (   0,   62) (   0,   62) (   0,   62) (   0,   62) (   0,   62) (   0,   62) (   0,   62) (   0,   62) (   0,   62)
          (   0,   62) (   0,   62) (   0,   62) (   0,   62) (   0,   62) (   0,   62) (   0,   62) (   0,   62) (   0,   62) (   0,   62)
          (   0,   62) (   0,   62) (   0,   62) (   0,   62) (   0,   62) (   0,   62) (   0,   62) (   0,   62) (   0,   62) (   0,   62)
          (   0,   62) (   0,   62) (   0,   62) (   0,   62) (   0,   62) (   0,   62) (   0,   62) (   0,   62) (   0,   62) (   0,   62)
          (   0,   62) (   0,   62) (   0,   62) (   0,   62) (   0,   62) (   0,   62) (   0,   62) (   0,   62) (   0,   62) (   0,   62)
          (   0,   62) (   0,   62) (   0,   62) (   0,   62) (   0,   62) (   0,   62) (   0,   62) (   0,   62) (   0,   62) (   0,   62)
          (   0,   62) (   0,   62) (   0,   62) (   0,   62) (   0,   62) (   0,   62) (   0,   62) (   0,   62) (   0,   62) (   0,   62)
          (   0,   62) (   0,   62) (   0,   62) (   0,   62) (   0,   62) (   0,   62) (   0,   62) (   0,   62) (   0,   62) (   0,   62)
          (   0,   62) (   0,   62) (   0,   62) (   0,   62) (   0,   62) (   0,   62) (   0,   62) (   0,   62) (   0,   62) (   0,   62)
          (   0,   62) (   0,   62) (   0,   62) (   0,   62) (   0,   62) (   0,   62) (   0,   62) (   0,   62) (   0,   62) (   0,   62)
          (   0,   62) (   0,   62) (   0,   62) (   0,   62) (   0,   62) (   0,   62) (   0,   62) (   0,   62) (   0,   62) (   0,   62)
          (   0,   62) (   0,   62) (   0,   62) (   0,   62) (   0,   62) (   0,   62) (   0,   62) (   0,   62) (   0,   62) (   0,   62)
          (   0,   62) (   0,   62) (   0,   62) (   0,   62) (   0,   62) (   0,   62) (   0,   62) (   0,   62) (   0,   62) (   0,   62)
          (   0,   62) (   0,   62) (   0,   62) (   0,   62) (   0,   62) (   0,   62) (   0,   62) (   0,   62) (   0,   62) (   0,   62)
          (   0,   62) (   0,   62) (   0,   62) (   0,   62) (   0,   62) (   0,   62) (   0,   62) (   0,   62) (   0,   62) (   0,   62)
          (   0,   62) (   0,   62) (   0,   62) (   0,   62) (   0,   62) (   0,   62) (   0,   62) (   0,   62) (   0,   62) (   0,   62)
          (   0,   62) (   0,   62) (   0,   62) (   0,   62) (   0,   62) (   0,   62) (   0,   62) (   0,   62) (   0,   62) (   0,   62)
          (   0,   62) (   0,   62) (   0,   62) (   0,   62) (   0,   62) (   0,   62) (   0,   62) (   0,   62) (   0,   62) (   0,   62)
          (   0,   62) (   0,   62) (   0,   62) (   0,   62) (   0,   62) (   0,   62) (   0,   62) (   0,   62) (   0,   62) (   0,   62)
          (   0,   62) (   0,   62) (   0,   62) (   0,   62) (   0,   62) (   0,   62) (   0,   62) (   0,   62) (   0,   62) (   0,   62)
          (   0,   62) (   0,   62) (   0,   62) (   0,   62) (   0,   62) (   0,   62) (   0,   62) (   0,   62) (   0,   62) (   0,   62)
          (   0,   62) (   0,   62) (   0,   62) (   0,   62) (   0,   62) (   0,   62) (   0,   62) (   0,   62) (   0,   62) (   0,   62)
          (   0,   62) (   0,   62) (   0,   62) (   0,   62) (   0,   62) (   0,   62) (   0,   62) (   0,   62) (   0,   62) (   0,   62)
          (   0,   62) (   0,   62) (   0,   62) (   0,   62) (   0,   62) (   0,   62) (   0,   62) (   0,   62) (   0,   62) (   0,   62)
          (   0,   62) (   0,   62) (   0,   62) (   0,   62) (   0,   62) (   0,   62) (   0,   62) (   0,   62) (   0,   62) (   0,   62)
          (   0,   62) (   0,   62) (   0,   62) (   0,   62) (   0,   62) (   0,   62) (   0,   62) (   0,   62) (   0,   62) (   0,   62)
         
node   2 sent_total   3388  recv_total  31304

node   3  (   0,    0) (   0,    0) (   0,    0) (   0,    0) (   0,    0) (   0,    0) (   0,    0) (   0,    0) (   0,    0) (   0,    0)
          (   0,    0) (   0,    0) (   0,    0) (   0,    0) (   0,    0) (   0,    0) (   0,    0) (   0,    0) (   0,    0) (   0,    0)
          (   0,    0) (   0,    0) (   0,    0) (   0,    0) (   0,    0) (   0,    0) (   0,    0) (   0,    0) (   0,    0) (   0,    0)
          (   0,    0) (   0,    0) (   0,    0) (   0,    0) (   0,    0) (   0,    0) (   0,    0) (   0,    0) (   0,    0) (   0,    0)
          (   0,    0) (   0,    0) (   0,    0) (   0,    0) (   0,    0) (   0,    0) (   0,    0) (   0,    0) (   0,    0) (   0,    0)
          (   0,    0) (   0,    0) (   0,    0) (   0,    0) (   0,    0) (   0,    0) (   0,    0) (   0,    0) (   0,    0) (   0,    0)
          (   0,    0) (   0,    0) (   0,    0) (   0,    0) (   0,    0) (   0,    0) (   0,    0) (   0,    0) (   0,    0) (   0,    0)
          (   0,    0) (   0,    0) (   0,    0) (   0,    0) (   0,    0) (   0,    0) (   0,    0) (   0,    0) (   0,    0) (   0,    0)
          (   0,    0) (   0,    0) (   0,    0) (   0,    0) (   0,    0) (   0,    0) (   0,    0) (   0,    0) (   0,    0) (   0,    0)
          (   0,    0) (   0,    0) (   0,    0) (   0,    0) (   0,    0) (   0,    0) (   0,    0) (   0,    0) (   0,    0) (   0,    0)
          (  39,    0) (  55,   55) ( 165,   94) ( 165,  165) ( 165,  165) ( 165,  165) ( 165,  165) ( 165,  165) ( 165,  165) ( 165,  165)
          ( 165,  165) ( 165,  165) ( 165,  165) ( 165,  165) ( 165,  165) ( 165,  165) ( 165,  165) ( 165,  165) ( 165,  165) ( 165,  165)
          ( 165,  165) ( 165,  165) ( 165,  165) ( 165,  165) ( 165,  165) ( 165,  165) ( 165,  165) ( 165,  165) ( 165,  165) ( 165,  165)
          ( 165,  165) ( 165,  165) ( 165,  165) ( 165,  165) ( 165,  165) ( 165,  165) ( 165,  165) ( 165,  165) ( 165,  165) ( 165,  165)
          ( 165,  165) ( 165,  165) ( 165,  165) ( 165,  165) ( 165,  165) ( 165,  165) ( 165,  165) ( 165,  165) ( 165,  165) ( 165,  165)
          ( 165,  165) ( 165,  165) ( 165,  165) ( 165,  165) ( 165,  165) ( 165,  165) ( 165,  165) ( 165,  165) ( 165,  165) ( 165,  165)
          ( 165,  165) ( 165,  165) ( 165,  165) ( 165,  165) ( 165,  165) ( 165,  165) ( 165,  165) ( 165,  165) ( 165,  165) ( 165,  165)
          ( 165,  165) ( 165,  165) ( 165,  165) ( 165,  165) ( 165,  165) ( 165,  165) ( 165,  165) ( 165,  165) ( 165,  165) ( 165,  165)
          ( 165,  165) ( 165,  165) ( 165,  165) ( 165,  165) ( 165,  165) ( 165,  165) ( 165,  165) ( 165,  165) ( 165,  165) ( 165,  165)
          ( 165,  165) ( 165,  165) ( 165,  165) ( 165,  165) ( 165,  165) ( 165,  165) ( 165,  165) ( 165,  165) ( 165,  165) ( 165,  165)
          ( 165,  165) ( 165,  165) ( 165,  165) ( 165,  165) ( 165,  165) ( 165,  165) ( 165,  165) ( 165,  165) ( 165,  165) ( 165,  165)
          ( 165,  165) ( 165,  165) ( 165,  165) ( 165,  165) ( 165,  165) ( 165,  165) ( 165,  165) ( 165,  165) ( 165,  165) ( 165,  165)
          ( 165,  165) ( 165,  165) ( 165,  165) ( 165,  165) ( 165,  165) ( 165,  165) ( 165,  165) ( 165,  165) ( 165,  165) ( 165,  165)
          ( 165,  165) ( 165,  165) ( 165,  165) ( 165,  165) ( 165,  165) ( 165,  165) ( 165,  165) ( 165,  165) ( 165,  165) ( 165,  165)
          ( 165,  165) ( 165,  165) ( 165,  165) ( 165,  165) ( 165,  165) ( 165,  165) ( 165,  165) ( 165,  165) ( 165,  165) ( 165,  165)
          ( 165,  165) ( 165,  165) ( 165,  165) ( 165,  165) ( 165,  165) ( 165,  165) ( 165,  165) ( 165,  165) ( 165,  165) ( 165,  165)
          ( 165,  165) ( 165,  165) ( 165,  165) ( 165,  165) ( 165,  165) ( 165,  165) ( 165,  165) ( 165,  165) ( 165,  165) ( 165,  165)
          ( 165,  165) ( 165,  165) ( 165,  165) ( 165,  165) ( 165,  165) ( 165,  165) ( 165,  165) ( 165,  165) ( 165,  165) ( 165,  165)
          ( 165,  165) ( 165,  165) ( 165,  165) ( 165,  165) ( 165,  165) ( 165,  165) (   0,    0) (   0,    0) (   0,    0) (   0,    0)
          (   0,    0) (   0,    0) (   0,    0) (   0,    0) (   0,    0) (   0,    0) (   0,    0) (   0,    0) (   0,    0) (   0,    0)
          (   0,    0) (   0,    0) (   0,    0) (   0,    0) (   0,    0) (   0,    0) (   0,    0) (   0,    0) (   0,    0) (   0,    0)
          (   0,    0) (   0,    0) (   0,    0) (   0,    0) (   0,    0) (   0,    0) (   0,    0) (   0,    0) (   0,    0) (   0,    0)
          (   0,    0) (   0,    0) (   0,    0) (   0,    0) (   0,    0) (   0,    0) (   0,    0) (   0,    0) (   0,    0) (   0,    0)
          (   0,    0) (   0,    0) (   0,    0) (   0,    0) (   0,    0) (   0,    0) (   0,    0) (   0,    0) (   0,    0) (   0,    0)
          (   0,    0) (   0,    0) (   0,    0) (   0,    0) (   0,    0) (   0,    0) (   0,    0) (   0,    0) (   0,    0) (   0,    0)
          (   0,    0) (   0,    0) (   0,    0) (   0,    0) (   0,    0) (   0,    0) (   0,    0) (   0,    0) (   0,    0) (   0,    0)
          (   0,    0) (   0,    0) (   0,    0) (   0,    0) (   0,    0) (   0,    0) (   0,    0) (   0,    0) (   0,    0) (   0,    0)
          (   0,    0) (   0,    0) (   0,    0) (   0,    0) (   0,    0) (   0,    0) (   0,    0) (   0,    0) (   0,    0) (   0,    0)
          (   0,    0) (   0,    0) (   0,    0) (   0,    0) (   0,    0) (   0,    0) (   0,    0) (   0,    0) (   0,    0) (   0,    0)
          (   0,    0) (   0,    0) (   0,    0) (   0,    0) (   0,    0) (   0,    0) (   0,    0) (   0,    0) (   0,    0) (   0,    0)
          (   0,    0) (   0,    0) (   0,    0) (   0,    0) (   0,    0) (   0,    0) (   0,    0) (   0,    0) (   0,    0) (   0,    0)
          (   0,    0) (   0,    0) (   0,    0) (   0,    0) (   0,    0) (   0,    0) (   0,    0) (   0,    0) (   0,    0) (   0,    0)
          (   0,    0) (   0,    0) (   0,    0) (   0,    0) (   0,    0) (   0,    0) (   0,    0) (   0,    0) (   0,    0) (   0,    0)
          (   0,    0) (   0,    0) (   0,    0) (   0,    0) (   0,    0) (   0,    0) (   0,    0) (   0,    0) (   0,    0) (   0,    0)
          (   0,    0) (   0,    0) (   0,    0) (   0,    0) (   0,    0) (   0,    0) (   0,    0) (   0,    0) (   0,    0) (   0,    0)
          (   0,    0) (   0,    0) (   0,    0) (   0,    0) (   0,    0) (   0,    0) (   0,    0) (   0,    0) (   0,    0) (   0,    0)
          (   0,    0) (   0,    0) (   0,    0) (   0,    0) (   0,    0) (   0,    0) (   0,    0) (   0,    0) (   0,    0) (   0,    0)
          (   0,    0) (   0,    0) (   0,    0) (   0,    0) (   0,    0) (   0,    0) (   0,    0) (   0,    0) (   0,    0) (   0,    0)
          (   0,    0) (   0,    0) (   0,    0) (   0,    0) (   0,    0) (   0,    0) (   0,    0) (   0,    0) (   0,    0) (   0,    0)
          (   0,    0) (   0,    0) (   0,    0) (   0,    0) (   0,    0) (   0,    0) (   0,    0) (   0,    0) (   0,    0) (   0,    0)
          (   0,    0) (   0,    0) (   0,    0) (   0,    0) (   0,    0) (   0,    0) (   0,    0) (   0,    0) (   0,    0) (   0,    0)
          (   0,    0) (   0,    0) (   0,    0) (   0,    0) (   0,    0) (   0,    0) (   0,    0) (   0,    0) (   0,    0) (   0,    0)
          (   0,    0) (   0,    0) (   0,    0) (   0,    0) (   0,    0) (   0,    0) (   0,    0) (   0,    0) (   0,    0) (   0,    0)
          (   0,    0) (   0,    0) (   0,    0) (   0,    0) (   0,    0) (   0,    0) (   0,    0) (   0,    0) (   0,    0) (   0,    0)
          (   0,    0) (   0,    0) (   0,    0) (   0,    0) (   0,    0) (   0,    0) (   0,    0) (   0,    0) (   0,    0) (   0,    0)
          (   0,    0) (   0,    0) (   0,    0) (   0,    0) (   0,    0) (   0,    0) (   0,    0) (   0,    0) (   0,    0) (   0,    0)
          (   0,    0) (   0,    0) (   0,    0) (   0,    0) (   0,    0) (   0,    0) (   0,    0) (   0,    0) (   0,    0) (   0,    0)
          (   0,    0) (   0,    0) (   0,    0) (   0,    0) (   0,    0) (   0,    0) (   0,    0) (   0,    0) (   0,    0) (   0,    0)
          (   0,    0) (   0,    0) (   0,    0) (   0,    0) (   0,    0) (   0,    0) (   0,    0) (   0,    0) (   0,    0) (   0,    0)
          (   0,    0) (   0,    0) (   0,    0) (   0,    0) (   0,    0) (   0,    0) (   0,    0) (   0,    0) (   0,    0) (   0,    0)
          (   0,    0) (   0,    0) (   0,    0) (   0,    0) (   0,    0) (   0,    0) (   0,    0) (   0,    0) (   0,    0) (   0,    0)
          (   0,    0) (   0,    0) (   0,    0) (   0,    0) (   0,    0) (   0,    0) (   0,    0) (   0,    0) (   0,    0) (   0,    0)
          (   0,    0) (   0,    0) (   0,    0) (   0,    0) (   0,    0) (   0,    0) (   0,    0) (   0,    0) (   0,    0) (   0,    0)
          (   0,    0) (   0,    0) (   0,    0) (   0,    0) (   0,    0) (   0,    0) (   0,    0) (   0,    0) (   0,    0) (   0,    0)
          (   0,    0) (   0,    0) (   0,    0) (   0,    0) (   0,    0) (   0,    0) (   0,    0) (   0,    0) (   0,    0) (   0,    0)
          (   0,    0) (   0,    0) (   0,    0) (   0,    0) (   0,    0) (   0,    0) (   0,    0) (   0,    0) (   0,    0) (   0,    0)
          (   0,    0) (   0,    0) (   0,    0) (   0,    0) (   0,    0) (   0,    0) (   0,    0) (   0,    0) (   0,    0) (   0,    0)
          (   0,    0) (   0,    0) (   0,    0) (   0,    0) (   0,    0) (   0,    0) (   0,    0) (   0,    0) (   0,    0) (   0,    0)
          (   0,    0) (   0,    0) (   0,    0) (   0,    0) (   0,    0) (   0,    0) (   0,    0) (   0,    0) (   0,    0) (   0,    0)
          (   0,    0) (   0,    0) (   0,    0) (   0,    0) (   0,    0) (   0,    0) (   0,    0) (   0,    0) (   0,    0) (   0,    0)
         
node   3 sent_total  30454  recv_total  30344

node   4  (   0,    0) (   0,    0) (   0,    0) (   0,    0) (   0,    0) (   0,    0) (   0,    0) (   0,    0) (   0,    0) (   0,    0)
          (   0,    0) (   0,    0) (   0,    0) (   0,    0) (   0,    0) (   0,    0) (   0,    0) (   0,    0) (   0,    0) (   0,    0)
          (   0,    0) (   0,    0) (   0,    0) (   0,    0) (   0,    0) (   0,    0) (   0,    0) (   0,    0) (   0,    0) (   0,    0)
          (   0,    0) (   0,    0) (   0,    0) (   0,    0) (   0,    0) (   0,    0) (   0,    0) (   0,    0) (   0,    0) (   0,    0)
          (   0,    0) (   0,    0) (   0,    0) (   0,    0) (   0,    0) (   0,    0) (   0,    0) (   0,    0) (   0,    0) (   0,    0)
          (   0,    0) (   0,    0) (   0,    0) (   0,    0) (   0,    0) (   0,    0) (   0,    0) (   0,    0) (   0,    0) (   0,    0)
          (   0,    0) (   0,    0) (   0,    0) (   0,    0) (   0,    0) (   0,    0) (   0,    0) (   0,    0) (   0,    0) (   0,    0)
          (   0,    0) (   0,    0) (   0,    0) (   0,    0) (   0,    0) (   0,    0) (   0,    0) (   0,    0) (   0,    0) (   0,    0)
          (   0,    0) (   0,    0) (   0,    0) (   0,    0) (   0,    0) (   0,    0) (   0,    0) (   0,    0) (   0,    0) (   0,    0)
          (   0,    0) (   0,    0) (   0,    0) (   0,    0) (   0,    0) (   0,    0) (   0,    0) (   0,    0) (   0,    0) (   0,    0)
          (  24,    0) (  24,   24) (  72,   48) (  72,   64) (  72,   64) (  72,   64) (  72,   64) (  72,   64) (  72,   64) (  72,   64)
          (  72,   64) (  72,   64) (  72,   64) (  72,   64) (  72,   64) (  72,   64) (  72,   64) (  72,   64) (  72,   64) (  72,   64)
          (  72,   64) (  72,   64) (  72,   64) (  72,   64) (  72,   64) (  72,   64) (  72,   64) (  72,   64) (  72,   64) (  72,   64)
          (  72,   64) (  72,   64) (  72,   64) (  72,   64) (  72,   64) (  72,   64) (  72,   64) (  72,   64) (  72,   64) (  72,   64)
          (  72,   64) (  72,   64) (  72,   64) (  72,   64) (  72,   64) (  72,   64) (  72,   64) (  72,   64) (  72,   64) (  72,   64)
          (  72,   64) (  73,   65) (  72,   64) (  72,   64) (  72,   64) (  72,   64) (  72,   64) (  72,   64) (  72,   64) (  72,   64)
          (  72,   64) (  72,   64) (  72,   64) (  72,   64) (  72,   64) (  72,   64) (  72,   64) (  72,   64) (  72,   64) (  72,   64)
          (  72,   64) (  72,   64) (  72,   64) (  72,   64) (  72,   64) (  72,   64) (  73,   65) (  72,   53) (  72,   53) (  72,   53)
          (  72,   53) (  72,   53) (  72,   53) (  72,   53) (  72,   53) (  72,   53) (  72,   53) (  72,   53) (  72,   53) (  72,   53)
          (  72,   53) (  72,   53) (  72,   53) (  72,   53) (  72,   53) (  72,   53) (  72,   61) (  72,   61) (  72,   61) (  72,   61)
          (  72,   61) (  72,   61) (  72,   61) (  72,   61) (  72,   61) (  72,   61) (  72,   61) (  72,   61) (  72,   61) (  72,   61)
          (  72,   61) (  72,   61) (  72,   61) (  72,   61) (  72,   61) (  72,   61) (  72,   61) (  72,   61) (  72,   61) (  72,   61)
          (  72,   61) (  72,   61) (  72,   61) (  72,   61) (  72,   61) (  72,   61) (   0,    0) (   0,    0) (   0,    0) (   0,    0)
          (   0,    0) (   0,    0) (   0,    0) (   0,    0) (   0,    0) (   0,    0) (   0,    0) (   0,    0) (   0,    0) (   0,    0)
          (   0,    0) (   0,    0) (   0,    0) (   0,    0) (   0,    0) (   0,    0) (   0,    0) (   0,    0) (   0,    0) (   0,    0)
          (   0,    0) (   0,    0) (   0,    0) (   0,    0) (   0,    0) (   0,    0) (   0,    0) (   0,    0) (   0,    0) (   0,    0)
          (   0,    0) (   0,    0) (   0,    0) (   0,    0) (   0,    0) (   0,    0) (   0,    0) (   0,    0) (   0,    0) (   0,    0)
          (   0,    0) (   0,    0) (   0,    0) (   0,    0) (   0,    0) (   0,    0) (   0,    0) (   0,    0) (   0,    0) (   0,    0)
          (   0,    0) (   0,    0) (   0,    0) (   0,    0) (   0,    0) (   0,    0) (   0,    0) (   0,    0) (   0,    0) (   0,    0)
          (   0,    0) (   0,    0) (   0,    0) (   0,    0) (   0,    0) (   0,    0) (   0,    0) (   0,    0) (   0,    0) (   0,    0)
          (   0,    0) (   0,    0) (   0,    0) (   0,    0) (   0,    0) (   0,    0) (   0,    0) (   0,    0) (   0,    0) (   0,    0)
          (   0,    0) (   0,    0) (   0,    0) (   0,    0) (   0,    0) (   0,    0) (   0,    0) (   0,    0) (   0,    0) (   0,    0)
          (   0,    0) (   0,    0) (   0,    0) (   0,    0) (   0,    0) (   0,    0) (   0,    0) (   0,    0) (   0,    0) (   0,    0)
          (   0,    0) (   0,    0) (   0,    0) (   0,    0) (   0,    0) (   0,    0) (   0,    0) (   0,    0) (   0,    0) (   0,    0)
          (   0,    0) (   0,    0) (   0,    0) (   0,    0) (   0,    0) (   0,    0) (   0,    0) (   0,    0) (   0,    0) (   0,    0)
          (   0,    0) (   0,    0) (   0,    0) (   0,    0) (   0,    0) (   0,    0) (   0,    0) (   0,    0) (   0,    0) (   0,    0)
          (   0,    0) (   0,    0) (   0,    0) (   0,    0) (   0,    0) (   0,    0) (   0,    0) (   0,    0) (   0,    0) (   0,    0)
          (   0,    0) (   0,    0) (   0,    0) (   0,    0) (   0,    0) (   0,    0) (   0,    0) (   0,    0) (   0,    0) (   0,    0)
          (   0,    0) (   0,    0) (   0,    0) (   0,    0) (   0,    0) (   0,    0) (   0,    0) (   0,    0) (   0,    0) (   0,    0)
          (   0,    0) (   0,    0) (   0,    0) (   0,    0) (   0,    0) (   0,    0) (   0,    0) (   0,    0) (   0,    0) (   0,    0)
          (   0,    0) (   0,    0) (   0,    0) (   0,    0) (   0,    0) (   0,    0) (   0,    0) (   0,    0) (   0,    0) (   0,    0)
          (   0,    0) (   0,    0) (   0,    0) (   0,    0) (   0,    0) (   0,    0) (   0,    0) (   0,    0) (   0,    0) (   0,    0)
          (   0,    0) (   0,    0) (   0,    0) (   0,    0) (   0,    0) (   0,    0) (   0,    0) (   0,    0) (   0,    0) (   0,    0)
          (   0,    0) (   0,    0) (   0,    0) (   0,    0) (   0,    0) (   0,    0) (   0,    0) (   0,    0) (   0,    0) (   0,    0)
          (   0,    0) (   0,    0) (   0,    0) (   0,    0) (   0,    0) (   0,    0) (   0,    0) (   0,    0) (   0,    0) (   0,    0)
          (   0,    0) (   0,    0) (   0,    0) (   0,    0) (   0,    0) (   0,    0) (   0,    0) (   0,    0) (   0,    0) (   0,    0)
          (   0,    0) (   0,    0) (   0,    0) (   0,    0) (   0,    0) (   0,    0) (   0,    0) (   0,    0) (   0,    0) (   0,    0)
          (   0,    0) (   0,    0) (   0,    0) (   0,    0) (   0,    0) (   0,    0) (   0,    0) (   0,    0) (   0,    0) (   0,    0)
          (   0,    0) (   0,    0) (   0,    0) (   0,    0) (   0,    0) (   0,    0) (   0,    0) (   0,    0) (   0,    0) (   0,    0)
          (   0,    0) (   0,    0) (   0,    0) (   0,    0) (   0,    0) (   0,    0) (   0,    0) (   0,    0) (   0,    0) (   0,    0)
          (   0,    0) (   0,    0) (   0,    0) (   0,    0) (   0,    0) (   0,    0) (   0,    0) (   0,    0) (   0,    0) (   0,    0)
          (   0,    0) (   0,    0) (   0,    0) (   0,    0) (   0,    0) (   0,    0) (   0,    0) (   0,    0) (   0,    0) (   0,    0)
          (   0,    0) (   0,    0) (   0,    0) (   0,    0) (   0,    0) (   0,    0) (   0,    0) (   0,    0) (   0,    0) (   0,    0)
          (   0,    0) (   0,    0) (   0,    0) (   0,    0) (   0,    0) (   0,    0) (   0,    0) (   0,    0) (   0,    0) (   0,    0)
          (   0,    0) (   0,    0) (   0,    0) (   0,    0) (   0,    0) (   0,    0) (   0,    0) (   0,    0) (   0,    0) (   0,    0)
          (   0,    0) (   0,    0) (   0,    0) (   0,    0) (   0,    0) (   0,    0) (   0,    0) (   0,    0) (   0,    0) (   0,    0)
          (   0,    0) (   0,    0) (   0,    0) (   0,    0) (   0,    0) (   0,    0) (   0,    0) (   0,    0) (   0,    0) (   0,    0)
          (   0,    0) (   0,    0) (   0,    0) (   0,    0) (   0,    0) (   0,    0) (   0,    0) (   0,    0) (   0,    0) (   0,    0)
          (   0,    0) (   0,    0) (   0,    0) (   0,    0) (   0,    0) (   0,    0) (   0,    0) (   0,    0) (   0,    0) (   0,    0)
          (   0,    0) (   0,    0) (   0,    0) (   0,    0) (   0,    0) (   0,    0) (   0,    0) (   0,    0) (   0,    0) (   0,    0)
          (   0,    0) (   0,    0) (   0,    0) (   0,    0) (   0,    0) (   0,    0) (   0,    0) (   0,    0) (   0,    0) (   0,    0)
          (   0,    0) (   0,    0) (   0,    0) (   0,    0) (   0,    0) (   0,    0) (   0,    0) (   0,    0) (   0,    0) (   0,    0)
          (   0,    0) (   0,    0) (   0,    0) (   0,    0) (   0,    0) (   0,    0) (   0,    0) (   0,    0) (   0,    0) (   0,    0)
          (   0,    0) (   0,    0) (   0,    0) (   0,    0) (   0,    0) (   0,    0) (   0,    0) (   0,    0) (   0,    0) (   0,    0)
          (   0,    0) (   0,    0) (   0,    0) (   0,    0) (   0,    0) (   0,    0) (   0,    0) (   0,    0) (   0,    0) (   0,    0)
          (   0,    0) (   0,    0) (   0,    0) (   0,    0) (   0,    0) (   0,    0) (   0,    0) (   0,    0) (   0,    0) (   0,    0)
          (   0,    0) (   0,    0) (   0,    0) (   0,    0) (   0,    0) (   0,    0) (   0,    0) (   0,    0) (   0,    0) (   0,    0)
          (   0,    0) (   0,    0) (   0,    0) (   0,    0) (   0,    0) (   0,    0) (   0,    0) (   0,    0) (   0,    0) (   0,    0)
          (   0,    0) (   0,    0) (   0,    0) (   0,    0) (   0,    0) (   0,    0) (   0,    0) (   0,    0) (   0,    0) (   0,    0)
          (   0,    0) (   0,    0) (   0,    0) (   0,    0) (   0,    0) (   0,    0) (   0,    0) (   0,    0) (   0,    0) (   0,    0)
         
node   4 sent_total   8978  recv_total   7647

node   5  (   0,    0) (   0,    0) (   0,    0) (   0,    0) (   0,    0) (   0,    0) (   0,    0) (   0,    0) (   0,    0) (   0,    0)
          (   0,    0) (   0,    0) (   0,    0) (   0,    0) (   0,    0) (   0,    0) (   0,    0) (   0,    0) (   0,    0) (   0,    0)
          (   0,    0) (   0,    0) (   0,    0) (   0,    0) (   0,    0) (   0,    0) (   0,    0) (   0,    0) (   0,    0) (   0,    0)
          (   0,    0) (   0,    0) (   0,    0) (   0,    0) (   0,    0) (   0,    0) (   0,    0) (   0,    0) (   0,    0) (   0,    0)
          (   0,    0) (   0,    0) (   0,    0) (   0,    0) (   0,    0) (   0,    0) (   0,    0) (   0,    0) (   0,    0) (   0,    0)
          (   0,    0) (   0,    0) (   0,    0) (   0,    0) (   0,    0) (   0,    0) (   0,    0) (   0,    0) (   0,    0) (   0,    0)
          (   0,    0) (   0,    0) (   0,    0) (   0,    0) (   0,    0) (   0,    0) (   0,    0) (   0,    0) (   0,    0) (   0,    0)
          (   0,    0) (   0,    0) (   0,    0) (   0,    0) (   0,    0) (   0,    0) (   0,    0) (   0,    0) (   0,    0) (   0,    0)
          (   0,    0) (   0,    0) (   0,    0) (   0,    0) (   0,    0) (   0,    0) (   0,    0) (   0,    0) (   0,    0) (   0,    0)
          (   0,    0) (   0,    0) (   0,    0) (   0,    0) (   0,    0) (   0,    0) (   0,    0) (   0,    0) (   0,    0) (   0,    0)
          (   9,    0) (  12,   12) (  36,   33) (  36,   27) (  36,   27) (  36,   27) (  36,   27) (  36,   27) (  36,   27) (  36,   27)
          (  36,   27) (  36,   27) (  36,   27) (  36,   27) (  36,   27) (  36,   27) (  36,   27) (  36,   27) (  36,   27) (  36,   27)
          (  36,   27) (  36,   27) (  36,   27) (  36,   27) (  36,   27) (  36,   27) (  36,   27) (  36,   27) (  36,   27) (  36,   27)
          (  36,   27) (  36,   27) (  36,   27) (  36,   27) (  36,   27) (  36,   27) (  36,   27) (  36,   27) (  36,   27) (  36,   27)
          (  36,   27) (  36,   27) (  36,   27) (  36,   27) (  36,   27) (  36,   27) (  36,   27) (  36,   27) (  36,   27) (  36,   27)
          (  39,   27) (  37,   28) (  36,   30) (  36,   27) (  36,   27) (  36,   27) (  36,   27) (  36,   27) (  36,   27) (  36,   27)
          (  36,   27) (  36,   27) (  36,   27) (  36,   27) (  36,   27) (  36,   27) (  36,   27) (  36,   27) (  36,   27) (  36,   27)
          (  36,   27) (  36,   27) (  36,   27) (  36,   27) (  36,   27) (  36,   27) (   0,    0) (   0,    0) (   0,    0) (   0,    0)
          (   0,    0) (   0,    0) (   0,    0) (   0,    0) (   0,    0) (   0,    0) (   0,    0) (   0,    0) (   0,    0) (   0,    0)
          (   0,    0) (   0,    0) (   0,    0) (   0,    0) (   0,    0) (   0,    0) (   0,    0) (   0,    0) (   0,    0) (   0,    0)
          (   0,    0) (   0,    0) (   0,    0) (   0,    0) (   0,    0) (   0,    0) (   0,    0) (   0,    0) (   0,    0) (   0,    0)
          (   0,    0) (   0,    0) (   0,    0) (   0,    0) (   0,    0) (   0,    0) (   0,    0) (   0,    0) (   0,    0) (   0,    0)
          (   0,    0) (   0,    0) (   0,    0) (   0,    0) (   0,    0) (   0,    0) (   0,    0) (   0,    0) (   0,    0) (   0,    0)
          (   0,    0) (   0,    0) (   0,    0) (   0,    0) (   0,    0) (   0,    0) (   0,    0) (   0,    0) (   0,    0) (   0,    0)
          (   0,    0) (   0,    0) (   0,    0) (   0,    0) (   0,    0) (   0,    0) (   0,    0) (   0,    0) (   0,    0) (   0,    0)
          (   0,    0) (   0,    0) (   0,    0) (   0,    0) (   0,    0) (   0,    0) (   0,    0) (   0,    0) (   0,    0) (   0,    0)
          (   0,    0) (   0,    0) (   0,    0) (   0,    0) (   0,    0) (   0,    0) (   0,    0) (   0,    0) (   0,    0) (   0,    0)
          (   0,    0) (   0,    0) (   0,    0) (   0,    0) (   0,    0) (   0,    0) (   0,    0) (   0,    0) (   0,    0) (   0,    0)
          (   0,    0) (   0,    0) (   0,    0) (   0,    0) (   0,    0) (   0,    0) (   0,    0) (   0,    0) (   0,    0) (   0,    0)
          (   0,    0) (   0,    0) (   0,    0) (   0,    0) (   0,    0) (   0,    0) (   0,    0) (   0,    0) (   0,    0) (   0,    0)
          (   0,    0) (   0,    0) (   0,    0) (   0,    0) (   0,    0) (   0,    0) (   0,    0) (   0,    0) (   0,    0) (   0,    0)
          (   0,    0) (   0,    0) (   0,    0) (   0,    0) (   0,    0) (   0,    0) (   0,    0) (   0,    0) (   0,    0) (   0,    0)
          (   0,    0) (   0,    0) (   0,    0) (   0,    0) (   0,    0) (   0,    0) (   0,    0) (   0,    0) (   0,    0) (   0,    0)
          (   0,    0) (   0,    0) (   0,    0) (   0,    0) (   0,    0) (   0,    0) (   0,    0) (   0,    0) (   0,    0) (   0,    0)
          (   0,    0) (   0,    0) (   0,    0) (   0,    0) (   0,    0) (   0,    0) (   0,    0) (   0,    0) (   0,    0) (   0,    0)
          (   0,    0) (   0,    0) (   0,    0) (   0,    0) (   0,    0) (   0,    0) (   0,    0) (   0,    0) (   0,    0) (   0,    0)
          (   0,    0) (   0,    0) (   0,    0) (   0,    0) (   0,    0) (   0,    0) (   0,    0) (   0,    0) (   0,    0) (   0,    0)
          (   0,    0) (   0,    0) (   0,    0) (   0,    0) (   0,    0) (   0,    0) (   0,    0) (   0,    0) (   0,    0) (   0,    0)
          (   0,    0) (   0,    0) (   0,    0) (   0,    0) (   0,    0) (   0,    0) (   0,    0) (   0,    0) (   0,    0) (   0,    0)
          (   0,    0) (   0,    0) (   0,    0) (   0,    0) (   0,    0) (   0,    0) (   0,    0) (   0,    0) (   0,    0) (   0,    0)
          (   0,    0) (   0,    0) (   0,    0) (   0,    0) (   0,    0) (   0,    0) (   0,    0) (   0,    0) (   0,    0) (   0,    0)
          (   0,    0) (   0,    0) (   0,    0) (   0,    0) (   0,    0) (   0,    0) (   0,    0) (   0,    0) (   0,    0) (   0,    0)
          (   0,    0) (   0,    0) (   0,    0) (   0,    0) (   0,    0) (   0,    0) (   0,    0) (   0,    0) (   0,    0) (   0,    0)
          (   0,    0) (   0,    0) (   0,    0) (   0,    0) (   0,    0) (   0,    0) (   0,    0) (   0,    0) (   0,    0) (   0,    0)
          (   0,    0) (   0,    0) (   0,    0) (   0,    0) (   0,    0) (   0,    0) (   0,    0) (   0,    0) (   0,    0) (   0,    0)
          (   0,    0) (   0,    0) (   0,    0) (   0,    0) (   0,    0) (   0,    0) (   0,    0) (   0,    0) (   0,    0) (   0,    0)
          (   0,    0) (   0,    0) (   0,    0) (   0,    0) (   0,    0) (   0,    0) (   0,    0) (   0,    0) (   0,    0) (   0,    0)
          (   0,    0) (   0,    0) (   0,    0) (   0,    0) (   0,    0) (   0,    0) (   0,    0) (   0,    0) (   0,    0) (   0,    0)
          (   0,    0) (   0,    0) (   0,    0) (   0,    0) (   0,    0) (   0,    0) (   0,    0) (   0,    0) (   0,    0) (   0,    0)
          (   0,    0) (   0,    0) (   0,    0) (   0,    0) (   0,    0) (   0,    0) (   0,    0) (   0,    0) (   0,    0) (   0,    0)
          (   0,    0) (   0,    0) (   0,    0) (   0,    0) (   0,    0) (   0,    0) (   0,    0) (   0,    0) (   0,    0) (   0,    0)
          (   0,    0) (   0,    0) (   0,    0) (   0,    0) (   0,    0) (   0,    0) (   0,    0) (   0,    0) (   0,    0) (   0,    0)
          (   0,    0) (   0,    0) (   0,    0) (   0,    0) (   0,    0) (   0,    0) (   0,    0) (   0,    0) (   0,    0) (   0,    0)
          (   0,    0) (   0,    0) (   0,    0) (   0,    0) (   0,    0) (   0,    0) (   0,    0) (   0,    0) (   0,    0) (   0,    0)
          (   0,    0) (   0,    0) (   0,    0) (   0,    0) (   0,    0) (   0,    0) (   0,    0) (   0,    0) (   0,    0) (   0,    0)
          (   0,    0) (   0,    0) (   0,    0) (   0,    0) (   0,    0) (   0,    0) (   0,    0) (   0,    0) (   0,    0) (   0,    0)
          (   0,    0) (   0,    0) (   0,    0) (   0,    0) (   0,    0) (   0,    0) (   0,    0) (   0,    0) (   0,    0) (   0,    0)
          (   0,    0) (   0,    0) (   0,    0) (   0,    0) (   0,    0) (   0,    0) (   0,    0) (   0,    0) (   0,    0) (   0,    0)
          (   0,    0) (   0,    0) (   0,    0) (   0,    0) (   0,    0) (   0,    0) (   0,    0) (   0,    0) (   0,    0) (   0,    0)
          (   0,    0) (   0,    0) (   0,    0) (   0,    0) (   0,    0) (   0,    0) (   0,    0) (   0,    0) (   0,    0) (   0,    0)
          (   0,    0) (   0,    0) (   0,    0) (   0,    0) (   0,    0) (   0,    0) (   0,    0) (   0,    0) (   0,    0) (   0,    0)
          (   0,    0) (   0,    0) (   0,    0) (   0,    0) (   0,    0) (   0,    0) (   0,    0) (   0,    0) (   0,    0) (   0,    0)
          (   0,    0) (   0,    0) (   0,    0) (   0,    0) (   0,    0) (   0,    0) (   0,    0) (   0,    0) (   0,    0) (   0,    0)
          (   0,    0) (   0,    0) (   0,    0) (   0,    0) (   0,    0) (   0,    0) (   0,    0) (   0,    0) (   0,    0) (   0,    0)
          (   0,    0) (   0,    0) (   0,    0) (   0,    0) (   0,    0) (   0,    0) (   0,    0) (   0,    0) (   0,    0) (   0,    0)
          (   0,    0) (   0,    0) (   0,    0) (   0,    0) (   0,    0) (   0,    0) (   0,    0) (   0,    0) (   0,    0) (   0,    0)
          (   0,    0) (   0,    0) (   0,    0) (   0,    0) (   0,    0) (   0,    0) (   0,    0) (   0,    0) (   0,    0) (   0,    0)
          (   0,    0) (   0,    0) (   0,    0) (   0,    0) (   0,    0) (   0,    0) (   0,    0) (   0,    0) (   0,    0) (   0,    0)
          (   0,    0) (   0,    0) (   0,    0) (   0,    0) (   0,    0) (   0,    0) (   0,    0) (   0,    0) (   0,    0) (   0,    0)
          (   0,    0) (   0,    0) (   0,    0) (   0,    0) (   0,    0) (   0,    0) (   0,    0) (   0,    0) (   0,    0) (   0,    0)
         
node   5 sent_total   2689  recv_total   2020

node   6  (   0,    0) (   0,    0) (   0,    0) (   0,    0) (   0,    0) (   0,    0) (   0,    0) (   0,    0) (   0,    0) (   0,    0)
          (   0,    0) (   0,    0) (   0,    0) (   0,    0) (   0,    0) (   0,    0) (   0,    0) (   0,    0) (   0,    0) (   0,    0)
          (   0,    0) (   0,    0) (   0,    0) (   0,    0) (   0,    0) (   0,    0) (   0,    0) (   0,    0) (   0,    0) (   0,    0)
          (   0,    0) (   0,    0) (   0,    0) (   0,    0) (   0,    0) (   0,    0) (   0,    0) (   0,    0) (   0,    0) (   0,    0)
          (   0,    0) (   0,    0) (   0,    0) (   0,    0) (   0,    0) (   0,    0) (   0,    0) (   0,    0) (   0,    0) (   0,    0)
          (   0,    0) (   0,    0) (   0,    0) (   0,    0) (   0,    0) (   0,    0) (   0,    0) (   0,    0) (   0,    0) (   0,    0)
          (   0,    0) (   0,    0) (   0,    0) (   0,    0) (   0,    0) (   0,    0) (   0,    0) (   0,    0) (   0,    0) (   0,    0)
          (   0,    0) (   0,    0) (   0,    0) (   0,    0) (   0,    0) (   0,    0) (   0,    0) (   0,    0) (   0,    0) (   0,    0)
          (   0,    0) (   0,    0) (   0,    0) (   0,    0) (   0,    0) (   0,    0) (   0,    0) (   0,    0) (   0,    0) (   0,    0)
          (   0,    0) (   0,    0) (   0,    0) (   0,    0) (   0,    0) (   0,    0) (   0,    0) (   0,    0) (   0,    0) (   0,    0)
          (  33,    0) (  30,   30) (  90,   82) (  90,   90) (  90,   90) (  90,   90) (  90,   90) (  90,   90) (  90,   90) (  90,   90)
          (  90,   90) (  90,   90) (  90,   90) (  90,   90) (  90,   90) (  90,   90) (  90,   90) (  90,   90) (  90,   90) (  90,   90)
          (  90,   90) (  90,   90) (  90,   90) (  90,   90) (  90,   90) (  90,   90) (  90,   90) (  90,   90) (  90,   90) (  90,   90)
          (  90,   90) (  90,   90) (  90,   90) (  90,   90) (  90,   90) (  90,   90) (  90,   90) (  90,   90) (  90,   90) (  90,   90)
          (  90,   90) (  90,   90) (  90,   90) (  90,   90) (  90,   90) (  90,   90) (  90,   90) (  90,   90) (  90,   90) (  90,   90)
          (  90,   90) (  91,   91) (  90,   90) (  90,   90) (  90,   90) (  90,   90) (  90,   90) (  90,   90) (  90,   90) (  90,   90)
          (  90,   90) (  90,   90) (  90,   90) (  90,   90) (  90,   90) (  90,   90) (  90,   90) (  90,   90) (  90,   90) (  90,   90)
          (  90,   90) (  90,   90) (  90,   90) (  90,   90) (  90,   90) (  90,   90) (  91,   88) (  90,   87) (  90,   87) (  90,   87)
          (  90,   87) (  90,   87) (  90,   87) (  90,   87) (  90,   87) (  90,   87) (  90,   87) (  90,   87) (  90,   87) (  90,   87)
          (  90,   87) (  90,   87) (  90,   87) (  90,   87) (  90,   87) (  90,   87) (  90,   87) (  90,   87) (  90,   87) (  90,   87)
          (  90,   87) (  90,   87) (  90,   87) (  90,   87) (  90,   87) (  90,   87) (  90,   87) (  90,   87) (  90,   87) (  90,   87)
          (  90,   87) (  90,   87) (  90,   87) (  90,   87) (  90,   87) (  90,   87) (  90,   87) (  90,   87) (  90,   87) (  90,   87)
          (  90,   87) (  90,   87) (  90,   87) (  90,   87) (  90,   87) (  90,   87) (  91,   72) (  90,   71) (  90,   71) (  90,   71)
          (  90,   71) (  90,   71) (  90,   71) (  90,   71) (  90,   71) (  90,   71) (  90,   71) (  90,   71) (  90,   71) (  90,   71)
          (  90,   71) (  90,   71) (  90,   71) (  90,   71) (  90,   71) (  90,   71) (  90,   71) (  90,   71) (  90,   71) (  90,   74)
          (  90,   74) (  90,   74) (  90,   74) (  90,   74) (  90,   74) (  90,   74) (  90,   74) (  90,   74) (  90,   74) (  90,   74)
          (  90,   74) (  90,   74) (  90,   74) (  90,   74) (  90,   74) (  90,   74) (  90,   74) (  90,   74) (  90,   74) (  90,   74)
          (  90,   74) (  90,   74) (  90,   74) (  90,   74) (  90,   74) (  90,   74) (  91,   75) (  90,   74) (  90,   74) (  90,   74)
          (  90,   74) (  90,   74) (  90,   74) (  90,   74) (  90,   74) (  90,   74) (  91,   75) (  90,   74) (  90,   74) (  90,   74)
          (  90,   74) (  90,   74) (  90,   74) (  90,   74) (  90,   74) (  90,   74) (  90,   74) (  90,   74) (  90,   74) (  90,   74)
          (  90,   74) (  90,   74) (  90,   74) (  90,   74) (  90,   74) (  90,   74) (  90,   74) (  90,  118) ( 156,  140) ( 156,  140)
          ( 156,  140) ( 156,  140) ( 156,  140) ( 156,  140) ( 156,  140) ( 156,  140) ( 156,  140) ( 156,  140) ( 156,  140) ( 156,  140)
          ( 156,  140) ( 156,  140) ( 156,  140) ( 156,  140) ( 156,  140) ( 156,  140) ( 156,  140) ( 156,  140) ( 156,  140) ( 156,  140)
          ( 156,  140) ( 156,  140) ( 156,  140) ( 156,  140) ( 156,  140) ( 156,  140) ( 156,  140) ( 156,  140) ( 156,  140) ( 156,  140)
          ( 156,  140) ( 156,  140) ( 156,  140) ( 156,  140) ( 156,  140) ( 156,  140) ( 156,  140) ( 156,  140) ( 156,  140) ( 156,  140)
          ( 156,  140) ( 156,  140) ( 156,  140) ( 156,  140) ( 156,  140) ( 156,  140) ( 156,  140) ( 156,  140) ( 156,  140) ( 156,  140)
          ( 156,  140) ( 156,  140) ( 156,  140) ( 156,  140) ( 156,  140) ( 156,  140) ( 156,  140) ( 156,  140) ( 156,  140) ( 156,  140)
          ( 156,  140) ( 156,  140) ( 156,  140) ( 156,  140) ( 156,  140) ( 156,  140) ( 156,  140) ( 156,  140) ( 156,  140) ( 156,  140)
          ( 156,  140) ( 156,  140) ( 156,  140) ( 156,  140) ( 156,  140) ( 156,  140) ( 156,  140) ( 156,  140) ( 156,  140) ( 156,  140)
          ( 156,  140) ( 156,  140) ( 156,  140) ( 156,  140) ( 156,  140) ( 156,  140) ( 156,  140) ( 156,  140) ( 156,  140) ( 156,  140)
          ( 156,  140) ( 156,  140) ( 156,  140) ( 156,  140) ( 156,  140) ( 156,  140) ( 156,  140) ( 156,  140) ( 156,  140) ( 156,  140)
          ( 156,  140) ( 156,  140) ( 156,  140) ( 156,  140) ( 156,  140) ( 156,  140) ( 156,  140) ( 156,  140) ( 156,  140) ( 156,  140)
          ( 156,  140) ( 156,  140) ( 156,  140) ( 156,  140) ( 156,  140) ( 156,  140) ( 156,  140) ( 156,  140) ( 156,  140) ( 156,  140)
          ( 156,  140) ( 156,  140) ( 156,  140) ( 156,  140) ( 156,  140) ( 156,  140) ( 156,  140) ( 156,  140) ( 156,  140) ( 156,  140)
          ( 156,  140) ( 156,  140) ( 156,  140) ( 156,  140) ( 156,  140) ( 156,  140) ( 156,  140) ( 156,  140) ( 156,  140) ( 156,  140)
          ( 156,  140) ( 156,  140) ( 156,  140) ( 156,  140) ( 156,  140) ( 156,  140) ( 156,  140) ( 156,  140) ( 156,  140) ( 156,  140)
          ( 156,  140) ( 156,  140) ( 156,  140) ( 156,  140) ( 156,  140) ( 156,  140) ( 156,  140) ( 156,  140) ( 156,  140) ( 156,  140)
          ( 156,  140) ( 156,  140) ( 156,  140) ( 156,  140) ( 156,  140) ( 156,  140) ( 156,  140) ( 156,  140) ( 156,  140) ( 156,  140)
          ( 156,  140) ( 156,  140) ( 156,  140) ( 156,  140) ( 156,  140) ( 156,  140) ( 156,  140) ( 156,  140) ( 156,  140) ( 156,  140)
          ( 156,  140) ( 156,  140) ( 156,  140) ( 156,  140) ( 156,  140) ( 156,  140) ( 156,  140) ( 156,  140) ( 156,  140) ( 156,  140)
          ( 156,  140) ( 156,  140) ( 156,  140) ( 156,  140) ( 156,  140) ( 156,  140) ( 156,  140) ( 156,  140) ( 156,  140) ( 156,  140)
          ( 156,  140) ( 156,  140) ( 156,  140) ( 156,  140) ( 156,  140) ( 156,  140) ( 156,  140) ( 156,  140) ( 156,  140) ( 156,  140)
          ( 156,  140) ( 156,  140) ( 156,  140) ( 156,  140) ( 156,  140) ( 156,  140) ( 156,  140) ( 156,  140) ( 156,  140) ( 156,  140)
          ( 156,  140) ( 156,  140) ( 156,  140) ( 156,  140) ( 156,  140) ( 156,  140) ( 156,  140) ( 156,  140) ( 156,  140) ( 156,  140)
          ( 156,  140) ( 156,  140) ( 156,  140) ( 156,  140) ( 156,  140) ( 156,  140) ( 156,  140) ( 156,  140) ( 156,  140) ( 156,  140)
          ( 156,  140) ( 156,  140) ( 156,  140) ( 156,  140) ( 156,  140) ( 156,  140) ( 156,  140) ( 156,  140) ( 156,  140) ( 156,  140)
          ( 156,  140) ( 156,  140) ( 156,  140) ( 156,  140) ( 156,  140) ( 156,  140) ( 156,  140) ( 156,  140) ( 156,  140) ( 156,  140)
          ( 156,  140) ( 156,  140) ( 156,  140) ( 156,  140) ( 156,  140) ( 156,  140) ( 156,  140) ( 156,  140) ( 156,  140) ( 156,  140)
          ( 156,  140) ( 156,  140) ( 156,  140) ( 156,  140) ( 156,  140) ( 156,  140) ( 156,  140) ( 156,  140) ( 156,  140) ( 156,  140)
          ( 156,  140) ( 156,  140) ( 156,  140) ( 156,  140) ( 156,  140) ( 156,  140) ( 156,  140) ( 156,  140) ( 156,  140) ( 156,  140)
          ( 156,  140) ( 156,  140) ( 156,  140) ( 156,  140) ( 156,  140) ( 156,  140) ( 156,  140) ( 156,  140) ( 156,  140) ( 156,  140)
          ( 156,  140) ( 156,  140) ( 156,  140) ( 156,  140) ( 156,  140) ( 156,  140) ( 156,  140) ( 156,  140) ( 156,  140) ( 156,  140)
          ( 156,  140) ( 156,  140) ( 156,  140) ( 156,  140) ( 156,  140) ( 156,  140) ( 156,  140) ( 156,  140) ( 156,  140) ( 156,  140)
          ( 156,  140) ( 156,  140) ( 156,  140) ( 156,  140) ( 156,  140) ( 156,  140) ( 156,  140) ( 156,  140) ( 156,  140) ( 156,  140)
          ( 156,  140) ( 156,  140) ( 156,  140) ( 156,  140) ( 156,  140) ( 156,  140) ( 156,  140) ( 156,  140) ( 156,  140) ( 156,  140)
          ( 156,  140) ( 156,  140) ( 156,  140) ( 156,  140) ( 156,  140) ( 156,  140) ( 156,  140) ( 156,  140) ( 156,  140) ( 156,  140)
          ( 156,  140) ( 156,  140) ( 156,  140) ( 156,  140) ( 156,  140) ( 156,  140) ( 156,  140) ( 156,  140) ( 156,  140) ( 156,  140)
          ( 156,  140) ( 156,  140) ( 156,  140) ( 156,  140) ( 156,  140) ( 156,  140) ( 156,  140) ( 156,  140) ( 156,  140) ( 156,  140)
          ( 156,  140) ( 156,  140) ( 156,  140) ( 156,  140) ( 156,  140) ( 156,  140) ( 156,  140) ( 156,  140) ( 156,  140) ( 156,  140)
          ( 156,  140) ( 156,  140) ( 156,  140) ( 156,  140) ( 156,  140) ( 156,  140) ( 156,  140) ( 156,  140) ( 156,  140) ( 156,  140)
         
node   6 sent_total  79760  recv_total  71960

node   7  (   0,    0) (   0,    0) (   0,    0) (   0,    0) (   0,    0) (   0,    0) (   0,    0) (   0,    0) (   0,    0) (   0,    0)
          (   0,    0) (   0,    0) (   0,    0) (   0,    0) (   0,    0) (   0,    0) (   0,    0) (   0,    0) (   0,    0) (   0,    0)
          (   0,    0) (   0,    0) (   0,    0) (   0,    0) (   0,    0) (   0,    0) (   0,    0) (   0,    0) (   0,    0) (   0,    0)
          (   0,    0) (   0,    0) (   0,    0) (   0,    0) (   0,    0) (   0,    0) (   0,    0) (   0,    0) (   0,    0) (   0,    0)
          (   0,    0) (   0,    0) (   0,    0) (   0,    0) (   0,    0) (   0,    0) (   0,    0) (   0,    0) (   0,    0) (   0,    0)
          (   0,    0) (   0,    0) (   0,    0) (   0,    0) (   0,    0) (   0,    0) (   0,    0) (   0,    0) (   0,    0) (   0,    0)
          (   0,    0) (   0,    0) (   0,    0) (   0,    0) (   0,    0) (   0,    0) (   0,    0) (   0,    0) (   0,    0) (   0,    0)
          (   0,    0) (   0,    0) (   0,    0) (   0,    0) (   0,    0) (   0,    0) (   0,    0) (   0,    0) (   0,    0) (   0,    0)
          (   0,    0) (   0,    0) (   0,    0) (   0,    0) (   0,    0) (   0,    0) (   0,    0) (   0,    0) (   0,    0) (   0,    0)
          (   0,    0) (   0,    0) (   0,    0) (   0,    0) (   0,    0) (   0,    0) (   0,    0) (   0,    0) (   0,    0) (   0,    0)
          (  18,    0) (  41,   41) ( 123,  100) ( 123,  123) ( 123,  123) ( 123,  123) ( 123,  123) ( 123,  123) ( 123,  123) ( 123,  123)
          ( 123,  123) ( 123,  123) ( 123,  123) ( 123,  123) ( 123,  123) ( 123,  123) ( 123,  123) ( 123,  123) ( 123,  123) ( 123,  123)
          ( 123,  123) ( 123,  123) ( 123,  123) ( 123,  123) ( 123,  123) ( 123,  123) ( 123,  123) ( 123,  123) ( 123,  123) ( 123,  123)
          ( 123,  123) ( 123,  123) ( 123,  123) ( 123,  123) ( 123,  123) ( 123,  123) ( 123,  123) ( 123,  123) ( 123,  123) ( 123,  123)
          ( 123,  123) ( 123,  123) ( 123,  123) ( 123,  123) ( 123,  123) ( 123,  123) ( 123,  123) ( 123,  123) ( 123,  123) ( 123,  123)
          ( 123,  123) ( 123,  123) ( 123,  123) ( 123,  123) ( 123,  123) ( 123,  123) ( 123,  123) ( 123,  123) ( 123,  123) ( 123,  123)
          ( 123,  123) ( 123,  123) ( 123,  123) ( 123,  123) ( 123,  123) ( 123,  123) ( 123,  123) ( 123,  123) ( 123,  123) ( 123,  123)
          ( 123,  123) ( 123,  123) ( 123,  123) ( 123,  123) ( 123,  123) ( 123,  123) ( 123,  123) ( 123,  123) ( 123,  123) ( 123,  123)
          ( 123,  123) ( 123,  123) ( 123,  123) ( 123,  123) ( 123,  123) ( 123,  123) ( 123,  123) ( 123,  123) ( 123,  123) ( 123,  123)
          ( 123,  123) ( 123,  123) ( 123,  123) ( 123,  123) ( 123,  123) ( 123,  123) ( 123,  123) ( 123,  123) ( 123,  123) ( 123,  123)
          ( 123,  123) ( 123,  123) ( 123,  123) ( 123,  123) ( 123,  123) ( 123,  123) ( 123,  123) ( 123,  123) ( 123,  123) ( 123,  123)
          ( 123,  123) ( 123,  123) ( 123,  123) ( 123,  123) ( 123,  123) ( 123,  123) ( 123,  123) ( 123,  123) ( 123,  123) ( 123,  123)
          ( 123,  123) ( 123,  123) ( 123,  123) ( 123,  123) ( 123,  123) ( 123,  123) ( 123,  123) ( 123,  123) ( 123,  123) ( 123,  123)
          ( 123,  123) ( 123,  123) ( 123,  123) ( 123,  123) ( 123,  123) ( 123,  123) ( 123,  123) ( 123,  123) ( 123,  123) ( 123,  123)
          ( 123,  123) ( 123,  123) ( 123,  123) ( 123,  123) ( 123,  123) ( 123,  123) ( 123,  123) ( 123,  123) ( 123,  123) ( 123,  123)
          ( 123,  123) ( 123,  123) ( 123,  123) ( 123,  123) ( 123,  123) ( 123,  123) ( 123,  123) ( 123,  123) ( 123,  123) ( 123,  123)
          ( 123,  123) ( 123,  123) ( 123,  123) ( 123,  123) ( 123,  123) ( 123,  123) ( 123,  123) ( 123,  123) ( 123,  123) ( 123,  123)
          ( 123,  123) ( 123,  123) ( 123,  123) ( 123,  123) ( 123,  123) ( 126,  123) ( 123,  123) ( 123,  126) ( 123,  123) ( 123,  123)
          ( 123,  123) ( 123,  123) ( 123,  123) ( 123,  123) ( 123,  123) ( 123,  123) ( 123,   96) ( 123,   96) ( 123,   96) ( 123,   96)
          ( 123,   96) ( 123,   96) ( 123,   96) ( 123,   96) ( 123,   96) ( 123,   96) ( 123,   96) ( 123,   96) ( 123,   96) ( 123,   96)
          ( 123,   96) ( 123,   96) ( 123,   96) ( 123,   96) ( 123,   96) ( 123,   96) ( 123,   96) ( 123,  152) ( 207,  207) ( 207,  207)
          ( 207,  207) ( 207,  207) ( 207,  207) ( 207,  207) ( 207,  207) ( 207,  207) ( 207,  207) ( 207,  207) ( 207,  207) ( 207,  207)
          ( 207,  207) ( 207,  207) ( 207,  207) ( 207,  207) ( 207,  207) ( 207,  207) ( 207,  207) ( 207,  207) ( 207,  207) ( 207,  207)
          ( 207,  207) ( 207,  207) ( 207,  207) ( 207,  207) ( 207,  207) ( 207,  207) ( 207,  207) ( 207,  207) ( 207,  207) ( 207,  207)
          ( 207,  207) ( 207,  207) ( 207,  207) ( 207,  207) ( 207,  207) ( 207,  207) ( 207,  207) ( 207,  207) ( 207,  207) ( 207,  207)
          ( 207,  207) ( 207,  207) ( 207,  207) ( 207,  207) ( 207,  207) ( 207,  207) ( 207,  207) ( 207,  207) ( 207,  207) ( 207,  207)
          ( 207,  207) ( 207,  207) ( 207,  207) ( 207,  207) ( 207,  207) ( 207,  207) ( 207,  207) ( 207,  207) ( 207,  207) ( 207,  207)
          ( 207,  207) ( 207,  207) ( 207,  207) ( 207,  207) ( 207,  207) ( 207,  207) ( 207,  207) ( 207,  207) ( 207,  207) ( 207,  207)
          ( 207,  207) ( 207,  207) ( 207,  207) ( 207,  207) ( 207,  207) ( 207,  207) ( 207,  207) ( 207,  207) ( 207,  207) ( 207,  207)
          ( 207,  207) ( 207,  207) ( 207,  207) ( 207,  207) ( 207,  207) ( 207,  207) ( 207,  207) ( 207,  207) ( 207,  207) ( 207,  207)
          ( 207,  207) ( 207,  207) ( 207,  207) ( 207,  207) ( 207,  207) ( 207,  207) ( 207,  207) ( 207,  207) ( 207,  207) ( 207,  207)
          ( 207,  207) ( 207,  207) ( 207,  207) ( 207,  207) ( 207,  207) ( 207,  207) ( 207,  207) ( 207,  207) ( 207,  207) ( 207,  207)
          ( 207,  207) ( 207,  207) ( 207,  207) ( 207,  207) ( 207,  207) ( 207,  207) ( 207,  207) ( 207,  207) ( 207,  207) ( 207,  207)
          ( 207,  207) ( 207,  207) ( 207,  207) ( 207,  207) ( 207,  207) ( 207,  207) ( 207,  207) ( 207,  207) ( 207,  207) ( 207,  207)
          ( 207,  207) ( 207,  207) ( 207,  207) ( 207,  207) ( 207,  207) ( 207,  207) ( 207,  207) ( 207,  207) ( 207,  207) ( 207,  207)
          ( 207,  207) ( 207,  207) ( 207,  207) ( 207,  207) ( 207,  207) ( 207,  207) ( 207,  207) ( 207,  207) ( 207,  207) ( 207,  207)
          ( 207,  207) ( 207,  207) ( 207,  207) ( 207,  207) ( 207,  207) ( 207,  207) ( 207,  207) ( 207,  207) ( 207,  207) ( 207,  207)
          ( 207,  207) ( 207,  207) ( 207,  207) ( 207,  207) ( 207,  207) ( 207,  207) ( 207,  207) ( 207,  207) ( 207,  207) ( 207,  207)
          ( 207,  207) ( 207,  207) ( 207,  207) ( 207,  207) ( 207,  207) ( 207,  207) ( 207,  207) ( 207,  207) ( 207,  207) ( 207,  207)
          ( 207,  207) ( 207,  207) ( 207,  207) ( 207,  207) ( 207,  207) ( 207,  207) ( 207,  207) ( 207,  207) ( 207,  207) ( 207,  207)
          ( 207,  207) ( 207,  207) ( 207,  207) ( 207,  207) ( 207,  207) ( 207,  207) ( 207,  207) ( 207,  207) ( 207,  207) ( 207,  207)
          ( 207,  207) ( 207,  207) ( 207,  207) ( 207,  207) ( 207,  207) ( 207,  207) ( 207,  207) ( 207,  207) ( 207,  207) ( 207,  207)
          ( 207,  207) ( 207,  207) ( 207,  207) ( 207,  207) ( 207,  207) ( 207,  207) ( 207,  207) ( 207,  207) ( 207,  207) ( 207,  207)
          ( 207,  207) ( 207,  207) ( 207,  207) ( 207,  207) ( 207,  207) ( 207,  207) ( 207,  207) ( 207,  207) ( 207,  207) ( 207,  207)
          ( 207,  207) ( 207,  207) ( 207,  207) ( 207,  207) ( 207,  207) ( 207,  207) ( 207,  207) ( 207,  207) ( 207,  207) ( 207,  207)
          ( 207,  207) ( 207,  207) ( 207,  207) ( 207,  207) ( 207,  207) ( 207,  207) ( 207,  207) ( 207,  207) ( 207,  207) ( 207,  207)
          ( 207,  207) ( 207,  207) ( 207,  207) ( 207,  207) ( 207,  207) ( 207,  207) ( 207,  207) ( 207,  207) ( 207,  207) ( 207,  207)
          ( 207,  207) ( 207,  207) ( 207,  207) ( 207,  207) ( 207,  207) ( 207,  207) ( 207,  207) ( 207,  207) ( 207,  207) ( 207,  207)
          ( 207,  207) ( 207,  207) ( 207,  207) ( 207,  207) ( 207,  207) ( 207,  207) ( 207,  207) ( 207,  207) ( 207,  207) ( 207,  207)
          ( 207,  207) ( 207,  207) ( 207,  207) ( 207,  207) ( 207,  207) ( 207,  207) ( 207,  207) ( 207,  207) ( 207,  207) ( 207,  207)
          ( 207,  207) ( 207,  207) ( 207,  207) ( 207,  207) ( 207,  207) ( 207,  207) ( 207,  207) ( 207,  207) ( 207,  207) ( 207,  207)
          ( 207,  207) ( 207,  207) ( 207,  207) ( 207,  207) ( 207,  207) ( 207,  207) ( 207,  207) ( 207,  207) ( 207,  207) ( 207,  207)
          ( 207,  207) ( 207,  207) ( 207,  207) ( 207,  207) ( 207,  207) ( 207,  207) ( 207,  207) ( 207,  207) ( 207,  207) ( 207,  207)
          ( 207,  207) ( 207,  207) ( 207,  207) ( 207,  207) ( 207,  207) ( 207,  207) ( 207,  207) ( 207,  207) ( 207,  207) ( 207,  207)
          ( 207,  207) ( 207,  207) ( 207,  207) ( 207,  207) ( 207,  207) ( 207,  207) ( 207,  207) ( 207,  207) ( 207,  207) ( 207,  207)
          ( 207,  207) ( 207,  207) ( 207,  207) ( 207,  207) ( 207,  207) ( 207,  207) ( 207,  207) ( 207,  207) ( 207,  207) ( 207,  207)
          ( 207,  207) ( 207,  207) ( 207,  207) ( 207,  207) ( 207,  207) ( 207,  207) ( 207,  207) ( 207,  207) ( 207,  207) ( 207,  207)
          ( 207,  207) ( 207,  207) ( 207,  207) ( 207,  207) ( 207,  207) ( 207,  207) ( 207,  207) ( 207,  207) ( 207,  207) ( 207,  207)
          ( 207,  207) ( 207,  207) ( 207,  207) ( 207,  207) ( 207,  207) ( 207,  207) ( 207,  207) ( 207,  207) ( 207,  207) ( 207,  207)
          ( 207,  207) ( 207,  207) ( 207,  207) ( 207,  207) ( 207,  207) ( 207,  207) ( 207,  207) ( 207,  207) ( 207,  207) ( 207,  207)
         
node   7 sent_total 106544  recv_total 105965

node   8  (   0,    0) (   0,    0) (   0,    0) (   0,    0) (   0,    0) (   0,    0) (   0,    0) (   0,    0) (   0,    0) (   0,    0)
          (   0,    0) (   0,    0) (   0,    0) (   0,    0) (   0,    0) (   0,    0) (   0,    0) (   0,    0) (   0,    0) (   0,    0)
          (   0,    0) (   0,    0) (   0,    0) (   0,    0) (   0,    0) (   0,    0) (   0,    0) (   0,    0) (   0,    0) (   0,    0)
          (   0,    0) (   0,    0) (   0,    0) (   0,    0) (   0,    0) (   0,    0) (   0,    0) (   0,    0) (   0,    0) (   0,    0)
          (   0,    0) (   0,    0) (   0,    0) (   0,    0) (   0,    0) (   0,    0) (   0,    0) (   0,    0) (   0,    0) (   0,    0)
          (   0,    0) (   0,    0) (   0,    0) (   0,    0) (   0,    0) (   0,    0) (   0,    0) (   0,    0) (   0,    0) (   0,    0)
          (   0,    0) (   0,    0) (   0,    0) (   0,    0) (   0,    0) (   0,    0) (   0,    0) (   0,    0) (   0,    0) (   0,    0)
          (   0,    0) (   0,    0) (   0,    0) (   0,    0) (   0,    0) (   0,    0) (   0,    0) (   0,    0) (   0,    0) (   0,    0)
          (   0,    0) (   0,    0) (   0,    0) (   0,    0) (   0,    0) (   0,    0) (   0,    0) (   0,    0) (   0,    0) (   0,    0)
          (   0,    0) (   0,    0) (   0,    0) (   0,    0) (   0,    0) (   0,    0) (   0,    0) (   0,    0) (   0,    0) (   0,    0)
          (  36,    0) (  49,   49) ( 147,  183) ( 147,  147) ( 147,  147) ( 147,  147) ( 147,  147) ( 147,  147) ( 147,  147) ( 147,  147)
          ( 147,  147) ( 147,  147) ( 147,  147) ( 147,  147) ( 147,  147) ( 147,  147) ( 147,  147) ( 147,  147) ( 147,  147) ( 147,  147)
          ( 147,  147) ( 147,  147) ( 147,  147) ( 147,  147) ( 147,  147) ( 147,  147) ( 147,  147) ( 147,  147) ( 147,  147) ( 147,  147)
          ( 147,  147) ( 147,  147) ( 147,  147) ( 147,  147) ( 147,  147) ( 147,  147) ( 147,  147) ( 147,  147) ( 147,  147) ( 147,  147)
          ( 147,  147) ( 147,  147) ( 147,  147) ( 147,  147) ( 147,  147) ( 147,  147) ( 147,  147) ( 147,  147) ( 147,  147) ( 147,  147)
          ( 147,  147) ( 147,  147) ( 147,  147) ( 147,  147) ( 147,  147) ( 147,  147) ( 147,  147) ( 147,  147) ( 147,  147) ( 147,  147)
          ( 147,  147) ( 147,  147) ( 147,  147) ( 147,  147) ( 147,  147) ( 147,  147) ( 147,  147) ( 147,  147) ( 147,  147) ( 147,  147)
          ( 147,  147) ( 147,  147) ( 147,  147) ( 147,  147) ( 147,  147) ( 147,  147) ( 147,  147) ( 147,  147) ( 147,  147) ( 147,  147)
          ( 147,  147) ( 147,  147) ( 147,  147) ( 147,  147) ( 147,  147) ( 147,  147) ( 147,  147) ( 147,  147) ( 147,  147) ( 147,  147)
          ( 147,  147) ( 147,  147) ( 147,  147) ( 147,  147) ( 147,  147) ( 147,  147) ( 147,  147) ( 147,  147) ( 147,  147) ( 147,  147)
          ( 147,  147) ( 147,  147) ( 147,  147) ( 147,  147) ( 147,  147) ( 147,  147) ( 147,  147) ( 147,  147) ( 147,  147) ( 147,  147)
          ( 147,  147) ( 147,  147) ( 147,  147) ( 147,  147) ( 147,  147) ( 147,  147) ( 147,  147) ( 147,  147) ( 147,  147) ( 147,  147)
          ( 147,  147) ( 147,  147) ( 147,  147) ( 147,  147) ( 147,  147) ( 150,  147) ( 147,  134) ( 147,  135) ( 147,  134) ( 147,  134)
          ( 147,  134) ( 147,  134) ( 147,  134) ( 147,  134) ( 147,  134) ( 147,  134) ( 147,  134) ( 147,  134) ( 147,  134) ( 147,  134)
          ( 147,  134) ( 147,  134) ( 147,  134) ( 147,  134) ( 147,  134) ( 147,  134) ( 147,  134) ( 147,  134) ( 147,  134) ( 147,  134)
          ( 147,  134) ( 147,  134) ( 147,  134) ( 147,  134) ( 147,  134) ( 147,  134) ( 147,  134) ( 147,  134) ( 147,  134) ( 147,  134)
          ( 147,  134) ( 147,  134) ( 147,  134) ( 147,  134) ( 147,  134) ( 147,  134) ( 147,  134) ( 147,  134) ( 147,  134) ( 147,  134)
          ( 147,  134) ( 147,  134) ( 147,  134) ( 147,  134) ( 147,  134) ( 147,  134) ( 147,  134) ( 147,  134) ( 147,  134) ( 147,  134)
          ( 147,  134) ( 147,  134) ( 147,  134) ( 147,  134) ( 147,  134) ( 150,  134) ( 147,  112) ( 147,  115) ( 147,  112) ( 147,  112)
          ( 147,  112) ( 147,  112) ( 147,  112) ( 147,  112) ( 147,  112) ( 147,  112) ( 147,  112) ( 147,  112) ( 147,  112) ( 147,  112)
          ( 147,  112) ( 147,  112) ( 147,  112) ( 147,  112) ( 147,  112) ( 147,  112) ( 147,  117) ( 162,  127) ( 162,  149) ( 162,  149)
          ( 162,  149) ( 162,  149) ( 162,  149) ( 162,  149) ( 162,  149) ( 162,  149) ( 162,  149) ( 162,  149) ( 162,  149) ( 162,  149)
          ( 162,  149) ( 162,  149) ( 162,  149) ( 162,  149) ( 162,  149) ( 162,  149) ( 162,  149) ( 162,  149) ( 162,  149) ( 162,  149)
          ( 162,  149) ( 162,  149) ( 162,  149) ( 162,  149) ( 162,  149) ( 162,  149) ( 162,  149) ( 162,  149) ( 162,  149) ( 162,  149)
          ( 162,  149) ( 162,  149) ( 162,  149) ( 162,  149) ( 162,  149) ( 162,  149) ( 162,  149) ( 162,  149) ( 162,  149) ( 162,  149)
          ( 162,  149) ( 162,  149) ( 162,  149) ( 162,  149) ( 162,  149) ( 162,  149) ( 162,  149) ( 162,  149) ( 162,  149) ( 162,  149)
          ( 162,  149) ( 162,  149) ( 162,  149) ( 162,  149) ( 162,  149) ( 162,  149) ( 162,  149) ( 162,  149) ( 162,  149) ( 162,  149)
          ( 162,  149) ( 162,  149) ( 162,  149) ( 162,  149) ( 162,  149) ( 162,  149) ( 162,  149) ( 162,  149) ( 162,  149) ( 162,  149)
          ( 162,  149) ( 162,  149) ( 162,  149) ( 162,  149) ( 162,  149) ( 162,  149) ( 162,  149) ( 162,  149) ( 162,  149) ( 162,  149)
          ( 162,  149) ( 162,  149) ( 162,  149) ( 162,  149) ( 162,  149) ( 162,  149) ( 162,  149) ( 162,  149) ( 162,  149) ( 162,  149)
          ( 162,  149) ( 162,  149) ( 162,  149) ( 162,  149) ( 162,  149) ( 162,  149) ( 162,  149) ( 162,  149) ( 162,  149) ( 162,  149)
          ( 162,  149) ( 162,  149) ( 162,  149) ( 162,  149) ( 162,  149) ( 162,  149) ( 162,  149) ( 162,  149) ( 162,  149) ( 162,  149)
          ( 162,  149) ( 162,  149) ( 162,  149) ( 162,  149) ( 162,  149) ( 162,  149) ( 162,  149) ( 162,  149) ( 162,  149) ( 162,  149)
          ( 162,  149) ( 162,  149) ( 162,  149) ( 162,  149) ( 162,  149) ( 162,  149) ( 162,  149) ( 162,  149) ( 162,  149) ( 162,  149)
          ( 162,  149) ( 162,  149) ( 162,  149) ( 162,  149) ( 162,  149) ( 162,  149) ( 162,  149) ( 162,  149) ( 162,  149) ( 162,  149)
          ( 162,  149) ( 162,  149) ( 162,  149) ( 162,  149) ( 162,  149) ( 162,  149) ( 162,  149) ( 162,  149) ( 162,  149) ( 162,  149)
          ( 162,  149) ( 162,  149) ( 162,  149) ( 162,  149) ( 162,  149) ( 162,  149) ( 162,  149) ( 162,  149) ( 162,  149) ( 162,  149)
          ( 162,  149) ( 162,  149) ( 162,  149) ( 162,  149) ( 162,  149) ( 162,  149) ( 162,  149) ( 162,  149) ( 162,  149) ( 162,  149)
          ( 162,  149) ( 162,  149) ( 162,  149) ( 162,  149) ( 162,  149) ( 162,  149) ( 162,  149) ( 162,  149) ( 162,  149) ( 162,  149)
          ( 162,  149) ( 162,  149) ( 162,  149) ( 162,  149) ( 162,  149) ( 162,  149) ( 162,  149) ( 162,  149) ( 162,  149) ( 162,  149)
          ( 162,  149) ( 162,  149) ( 162,  149) ( 162,  149) ( 162,  149) ( 162,  149) ( 162,  149) ( 162,  149) ( 162,  149) ( 162,  149)
          ( 162,  149) ( 162,  149) ( 162,  149) ( 162,  149) ( 162,  149) ( 162,  149) ( 162,  149) ( 162,  149) ( 162,  149) ( 162,  149)
          ( 162,  149) ( 162,  149) ( 162,  149) ( 162,  149) ( 162,  149) ( 162,  149) ( 162,  149) ( 162,  149) ( 162,  149) ( 162,  149)
          ( 162,  149) ( 162,  149) ( 162,  149) ( 162,  149) ( 162,  149) ( 162,  149) ( 162,  149) ( 162,  149) ( 162,  149) ( 162,  149)
          ( 162,  149) ( 162,  149) ( 162,  149) ( 162,  149) ( 162,  149) ( 162,  149) ( 162,  149) ( 162,  149) ( 162,  149) ( 162,  149)
          ( 162,  149) ( 162,  149) ( 162,  149) ( 162,  149) ( 162,  149) ( 162,  149) ( 162,  149) ( 162,  149) ( 162,  149) ( 162,  149)
          ( 162,  149) ( 162,  149) ( 162,  149) ( 162,  149) ( 162,  149) ( 162,  149) ( 162,  149) ( 162,  149) ( 162,  149) ( 162,  149)
          ( 162,  149) ( 162,  149) ( 162,  149) ( 162,  149) ( 162,  149) ( 162,  149) ( 162,  149) ( 162,  149) ( 162,  149) ( 162,  149)
          ( 162,  149) ( 162,  149) ( 162,  149) ( 162,  149) ( 162,  149) ( 162,  149) ( 162,  149) ( 162,  149) ( 162,  149) ( 162,  149)
          ( 162,  149) ( 162,  149) ( 162,  149) ( 162,  149) ( 162,  149) ( 162,  149) ( 162,  149) ( 162,  149) ( 162,  149) ( 162,  149)
          ( 162,  149) ( 162,  149) ( 162,  149) ( 162,  149) ( 162,  149) ( 162,  149) ( 162,  149) ( 162,  149) ( 162,  149) ( 162,  149)
          ( 162,  149) ( 162,  149) ( 162,  149) ( 162,  149) ( 162,  149) ( 162,  149) ( 162,  149) ( 162,  149) ( 162,  149) ( 162,  149)
          ( 162,  149) ( 162,  149) ( 162,  149) ( 162,  149) ( 162,  149) ( 162,  149) ( 162,  149) ( 162,  149) ( 162,  149) ( 162,  149)
          ( 162,  149) ( 162,  149) ( 162,  149) ( 162,  149) ( 162,  149) ( 162,  149) ( 162,  149) ( 162,  149) ( 162,  149) ( 162,  149)
          ( 162,  149) ( 162,  149) ( 162,  149) ( 162,  149) ( 162,  149) ( 162,  149) ( 162,  149) ( 162,  149) ( 162,  149) ( 162,  149)
          ( 162,  149) ( 162,  149) ( 162,  149) ( 162,  149) ( 162,  149) ( 162,  149) ( 162,  149) ( 162,  149) ( 162,  149) ( 162,  149)
          ( 162,  149) ( 162,  149) ( 162,  149) ( 162,  149) ( 162,  149) ( 162,  149) ( 162,  149) ( 162,  149) ( 162,  149) ( 162,  149)
          ( 162,  149) ( 162,  149) ( 162,  149) ( 162,  149) ( 162,  149) ( 162,  149) ( 162,  149) ( 162,  149) ( 162,  149) ( 162,  149)
          ( 162,  149) ( 162,  149) ( 162,  149) ( 162,  149) ( 162,  149) ( 162,  149) ( 162,  149) ( 162,  149) ( 162,  149) ( 162,  149)
          ( 162,  149) ( 162,  149) ( 162,  149) ( 162,  149) ( 162,  149) ( 162,  149) ( 162,  149) ( 162,  149) ( 162,  149) ( 162,  149)
         
node   8 sent_total  93892  recv_total  87249

node   9  (   0,    0) (   0,    0) (   0,    0) (   0,    0) (   0,    0) (   0,    0) (   0,    0) (   0,    0) (   0,    0) (   0,    0)
          (   0,    0) (   0,    0) (   0,    0) (   0,    0) (   0,    0) (   0,    0) (   0,    0) (   0,    0) (   0,    0) (   0,    0)
          (   0,    0) (   0,    0) (   0,    0) (   0,    0) (   0,    0) (   0,    0) (   0,    0) (   0,    0) (   0,    0) (   0,    0)
          (   0,    0) (   0,    0) (   0,    0) (   0,    0) (   0,    0) (   0,    0) (   0,    0) (   0,    0) (   0,    0) (   0,    0)
          (   0,    0) (   0,    0) (   0,    0) (   0,    0) (   0,    0) (   0,    0) (   0,    0) (   0,    0) (   0,    0) (   0,    0)
          (   0,    0) (   0,    0) (   0,    0) (   0,    0) (   0,    0) (   0,    0) (   0,    0) (   0,    0) (   0,    0) (   0,    0)
          (   0,    0) (   0,    0) (   0,    0) (   0,    0) (   0,    0) (   0,    0) (   0,    0) (   0,    0) (   0,    0) (   0,    0)
          (   0,    0) (   0,    0) (   0,    0) (   0,    0) (   0,    0) (   0,    0) (   0,    0) (   0,    0) (   0,    0) (   0,    0)
          (   0,    0) (   0,    0) (   0,    0) (   0,    0) (   0,    0) (   0,    0) (   0,    0) (   0,    0) (   0,    0) (   0,    0)
          (   0,    0) (   0,    0) (   0,    0) (   0,    0) (   0,    0) (   0,    0) (   0,    0) (   0,    0) (   0,    0) (   0,    0)
          (  36,    0) (  39,   39) ( 117,  119) ( 117,  117) ( 117,  117) ( 117,  117) ( 117,  117) ( 117,  117) ( 117,  117) ( 117,  117)
          ( 117,  117) ( 117,  117) ( 117,  117) ( 117,  117) ( 117,  117) ( 117,  117) ( 117,  117) ( 117,  117) ( 117,  117) ( 117,  117)
          ( 117,  117) ( 117,  117) ( 117,  117) ( 117,  117) ( 117,  117) ( 117,  117) ( 117,  117) ( 117,  117) ( 117,  117) ( 117,  117)
          ( 117,  117) ( 117,  117) ( 117,  117) ( 117,  117) ( 117,  117) ( 117,  117) ( 117,  117) ( 117,  117) ( 117,  117) ( 117,  117)
          ( 117,  117) ( 117,  117) ( 117,  117) ( 117,  117) ( 117,  117) ( 117,  117) ( 117,  117) ( 117,  117) ( 117,  117) ( 117,  117)
          ( 117,  117) ( 117,  117) ( 117,  117) ( 117,  117) ( 117,  117) ( 117,  117) ( 117,  117) ( 117,  117) ( 117,  117) ( 117,  117)
          ( 117,  117) ( 117,  117) ( 117,  117) ( 117,  117) ( 117,  117) ( 117,  117) ( 117,  117) ( 117,  117) ( 117,  117) ( 117,  117)
          ( 117,  117) ( 117,  117) ( 117,  117) ( 117,  117) ( 117,  117) ( 117,  117) ( 117,  117) ( 117,  117) ( 117,  117) ( 117,  117)
          ( 117,  117) ( 117,  117) ( 117,  117) ( 117,  117) ( 117,  117) ( 117,  117) ( 117,  117) ( 117,  117) ( 117,  117) ( 117,  117)
          ( 117,  117) ( 117,  117) ( 117,  117) ( 117,  117) ( 117,  117) ( 117,  117) ( 117,  117) ( 117,  117) ( 117,  117) ( 117,  117)
          ( 117,  117) ( 117,  117) ( 117,  117) ( 117,  117) ( 117,  117) ( 117,  117) ( 117,  117) ( 117,  117) ( 117,  117) ( 117,  117)
          ( 117,  117) ( 117,  117) ( 117,  117) ( 117,  117) ( 117,  117) ( 117,  117) ( 117,  117) ( 117,  117) ( 117,  117) ( 117,  117)
          ( 117,  117) ( 117,  117) ( 117,  117) ( 117,  117) ( 117,  117) ( 117,  117) ( 117,  111) ( 117,  111) ( 117,  111) ( 117,  111)
          ( 117,  111) ( 117,  111) ( 117,  111) ( 117,  111) ( 117,  111) ( 117,  111) ( 117,  111) ( 117,  111) ( 117,  111) ( 117,  111)
          ( 117,  111) ( 117,  111) ( 117,  111) ( 117,  111) ( 117,  111) ( 117,  111) ( 117,  126) ( 144,  121) ( 144,  129) ( 144,  129)
          ( 144,  129) ( 144,  129) ( 144,  129) ( 144,  129) ( 144,  129) ( 144,  129) ( 144,  129) ( 144,  129) ( 144,  129) ( 144,  129)
          ( 144,  129) ( 144,  129) ( 144,  129) ( 144,  129) ( 144,  129) ( 144,  129) ( 144,  129) ( 144,  129) ( 144,  129) ( 144,  129)
          ( 144,  129) ( 144,  129) ( 144,  129) ( 144,  129) ( 144,  129) ( 144,  129) ( 144,  129) ( 144,  129) ( 144,  129) ( 144,  129)
          ( 144,  129) ( 144,  129) ( 144,  129) ( 144,  129) ( 144,  129) ( 144,  129) ( 145,   97) ( 144,   96) ( 144,   96) ( 144,   96)
          ( 144,   96) ( 144,   96) ( 144,   96) ( 144,   96) ( 144,   96) ( 144,   96) ( 144,   96) ( 144,   96) ( 144,   96) ( 144,   96)
          ( 144,   96) ( 144,   96) ( 144,   96) ( 144,   96) ( 144,   96) ( 144,   96) ( 144,   96) ( 144,  101) ( 144,  129) ( 144,  129)
          ( 144,  129) ( 144,  129) ( 144,  129) ( 144,  129) ( 144,  129) ( 144,  129) ( 144,  129) ( 144,  129) ( 144,  129) ( 144,  129)
          ( 144,  129) ( 144,  129) ( 144,  129) ( 144,  129) ( 144,  129) ( 144,  129) ( 144,  129) ( 144,  129) ( 144,  129) ( 144,  129)
          ( 144,  129) ( 144,  129) ( 144,  129) ( 144,  129) ( 144,  129) ( 144,  129) ( 144,  129) ( 144,  129) ( 144,  129) ( 144,  129)
          ( 144,  129) ( 144,  129) ( 144,  129) ( 144,  129) ( 144,  129) ( 144,  129) ( 144,  129) ( 144,  129) ( 144,  129) ( 144,  129)
          ( 144,  129) ( 144,  129) ( 144,  129) ( 144,  129) ( 144,  129) ( 144,  129) ( 144,  129) ( 144,  129) ( 144,  129) ( 144,  129)
          ( 144,  129) ( 144,  129) ( 144,  129) ( 144,  129) ( 144,  129) ( 144,  129) ( 144,  129) ( 144,  129) ( 144,  129) ( 144,  129)
          ( 144,  129) ( 144,  129) ( 144,  129) ( 144,  129) ( 144,  129) ( 144,  129) ( 144,  129) ( 144,  129) ( 144,  129) ( 144,  129)
          ( 144,  129) ( 144,  129) ( 144,  129) ( 144,  129) ( 144,  129) ( 144,  129) ( 144,  129) ( 144,  129) ( 144,  129) ( 144,  129)
          ( 144,  129) ( 144,  129) ( 144,  129) ( 144,  129) ( 144,  129) ( 144,  129) ( 144,  129) ( 144,  129) ( 144,  129) ( 144,  129)
          ( 144,  129) ( 144,  129) ( 144,  129) ( 144,  129) ( 144,  129) ( 144,  129) ( 144,  129) ( 144,  129) ( 144,  129) ( 144,  129)
          ( 144,  129) ( 144,  129) ( 144,  129) ( 144,  129) ( 144,  129) ( 144,  129) ( 144,  129) ( 144,  129) ( 144,  129) ( 144,  129)
          ( 144,  129) ( 144,  129) ( 144,  129) ( 144,  129) ( 144,  129) ( 144,  129) ( 144,  129) ( 144,  129) ( 144,  129) ( 144,  129)
          ( 144,  129) ( 144,  129) ( 144,  129) ( 144,  129) ( 144,  129) ( 144,  129) ( 144,  129) ( 144,  129) ( 144,  129) ( 144,  129)
          ( 144,  129) ( 144,  129) ( 144,  129) ( 144,  129) ( 144,  129) ( 144,  129) ( 144,  129) ( 144,  129) ( 144,  129) ( 144,  129)
          ( 144,  129) ( 144,  129) ( 144,  129) ( 144,  129) ( 144,  129) ( 144,  129) ( 144,  129) ( 144,  129) ( 144,  129) ( 144,  129)
          ( 144,  129) ( 144,  129) ( 144,  129) ( 144,  129) ( 144,  129) ( 144,  129) ( 144,  129) ( 144,  129) ( 144,  129) ( 144,  129)
          ( 144,  129) ( 144,  129) ( 144,  129) ( 144,  129) ( 144,  129) ( 144,  129) ( 144,  129) ( 144,  129) ( 144,  129) ( 144,  129)
          ( 144,  129) ( 144,  129) ( 144,  129) ( 144,  129) ( 144,  129) ( 144,  129) ( 144,  129) ( 144,  129) ( 144,  129) ( 144,  129)
          ( 144,  129) ( 144,  129) ( 144,  129) ( 144,  129) ( 144,  129) ( 144,  129) ( 144,  129) ( 144,  129) ( 144,  129) ( 144,  129)
          ( 144,  129) ( 144,  129) ( 144,  129) ( 144,  129) ( 144,  129) ( 144,  129) ( 144,  129) ( 144,  129) ( 144,  129) ( 144,  129)
          ( 144,  129) ( 144,  129) ( 144,  129) ( 144,  129) ( 144,  129) ( 144,  129) ( 144,  129) ( 144,  129) ( 144,  129) ( 144,  129)
          ( 144,  129) ( 144,  129) ( 144,  129) ( 144,  129) ( 144,  129) ( 144,  129) ( 144,  129) ( 144,  129) ( 144,  129) ( 144,  129)
          ( 144,  129) ( 144,  129) ( 144,  129) ( 144,  129) ( 144,  129) ( 144,  129) ( 144,  129) ( 144,  129) ( 144,  129) ( 144,  129)
          ( 144,  129) ( 144,  129) ( 144,  129) ( 144,  129) ( 144,  129) ( 144,  129) ( 144,  129) ( 144,  129) ( 144,  129) ( 144,  129)
          ( 144,  129) ( 144,  129) ( 144,  129) ( 144,  129) ( 144,  129) ( 144,  129) ( 144,  129) ( 144,  129) ( 144,  129) ( 144,  129)
          ( 144,  129) ( 144,  129) ( 144,  129) ( 144,  129) ( 144,  129) ( 144,  129) ( 144,  129) ( 144,  129) ( 144,  129) ( 144,  129)
          ( 144,  129) ( 144,  129) ( 144,  129) ( 144,  129) ( 144,  129) ( 144,  129) ( 144,  129) ( 144,  129) ( 144,  129) ( 144,  129)
          ( 144,  129) ( 144,  129) ( 144,  129) ( 144,  129) ( 144,  129) ( 144,  129) ( 144,  129) ( 144,  129) ( 144,  129) ( 144,  129)
          ( 144,  129) ( 144,  129) ( 144,  129) ( 144,  129) ( 144,  129) ( 144,  129) ( 144,  129) ( 144,  129) ( 144,  129) ( 144,  129)
          ( 144,  129) ( 144,  129) ( 144,  129) ( 144,  129) ( 144,  129) ( 144,  129) ( 144,  129) ( 144,  129) ( 144,  129) ( 144,  129)
          ( 144,  129) ( 144,  129) ( 144,  129) ( 144,  129) ( 144,  129) ( 144,  129) ( 144,  129) ( 144,  129) ( 144,  129) ( 144,  129)
          ( 144,  129) ( 144,  129) ( 144,  129) ( 144,  129) ( 144,  129) ( 144,  129) ( 144,  129) ( 144,  129) ( 144,  129) ( 144,  129)
          ( 144,  129) ( 144,  129) ( 144,  129) ( 144,  129) ( 144,  129) ( 144,  129) ( 144,  129) ( 144,  129) ( 144,  129) ( 144,  129)
          ( 144,  129) ( 144,  129) ( 144,  129) ( 144,  129) ( 144,  129) ( 144,  129) ( 144,  129) ( 144,  129) ( 144,  129) ( 144,  129)
          ( 144,  129) ( 144,  129) ( 144,  129) ( 144,  129) ( 144,  129) ( 144,  129) ( 144,  129) ( 144,  129) ( 144,  129) ( 144,  129)
          ( 144,  129) ( 144,  129) ( 144,  129) ( 144,  129) ( 144,  129) ( 144,  129) ( 144,  129) ( 144,  129) ( 144,  129) ( 144,  129)
          ( 144,  129) ( 144,  129) ( 144,  129) ( 144,  129) ( 144,  129) ( 144,  129) ( 144,  129) ( 144,  129) ( 144,  129) ( 144,  129)
          ( 144,  129) ( 144,  129) ( 144,  129) ( 144,  129) ( 144,  129) ( 144,  129) ( 144,  129) ( 144,  129) ( 144,  129) ( 144,  129)
          ( 144,  129) ( 144,  129) ( 144,  129) ( 144,  129) ( 144,  129) ( 144,  129) ( 144,  129) ( 144,  129) ( 144,  129) ( 144,  129)
         
node   9 sent_total  82273  recv_total  74604

node  10  (   0,    0) (   0,    0) (   0,    0) (   0,    0) (   0,    0) (   0,    0) (   0,    0) (   0,    0) (   0,    0) (   0,    0)
          (   0,    0) (   0,    0) (   0,    0) (   0,    0) (   0,    0) (   0,    0) (   0,    0) (   0,    0) (   0,    0) (   0,    0)
          (   0,    0) (   0,    0) (   0,    0) (   0,    0) (   0,    0) (   0,    0) (   0,    0) (   0,    0) (   0,    0) (   0,    0)
          (   0,    0) (   0,    0) (   0,    0) (   0,    0) (   0,    0) (   0,    0) (   0,    0) (   0,    0) (   0,    0) (   0,    0)
          (   0,    0) (   0,    0) (   0,    0) (   0,    0) (   0,    0) (   0,    0) (   0,    0) (   0,    0) (   0,    0) (   0,    0)
          (   0,    0) (   0,    0) (   0,    0) (   0,    0) (   0,    0) (   0,    0) (   0,    0) (   0,    0) (   0,    0) (   0,    0)
          (   0,    0) (   0,    0) (   0,    0) (   0,    0) (   0,    0) (   0,    0) (   0,    0) (   0,    0) (   0,    0) (   0,    0)
          (   0,    0) (   0,    0) (   0,    0) (   0,    0) (   0,    0) (   0,    0) (   0,    0) (   0,    0) (   0,    0) (   0,    0)
          (   0,    0) (   0,    0) (   0,    0) (   0,    0) (   0,    0) (   0,    0) (   0,    0) (   0,    0) (   0,    0) (   0,    0)
          (   0,    0) (   0,    0) (   0,    0) (   0,    0) (   0,    0) (   0,    0) (   0,    0) (   0,    0) (   0,    0) (   0,    0)
          (  42,    0) (  34,   34) ( 102,  144) ( 102,  102) ( 102,  102) ( 102,  102) ( 102,  102) ( 102,  102) ( 102,  102) ( 102,  102)
          ( 102,  102) ( 102,  102) ( 102,  102) ( 102,  102) ( 102,  102) ( 102,  102) ( 102,  102) ( 102,  102) ( 102,  102) ( 102,  102)
          ( 102,  102) ( 102,  102) ( 102,  102) ( 102,  102) ( 102,  102) ( 102,  102) ( 102,  102) ( 102,  102) ( 102,  102) ( 102,  102)
          ( 102,  102) ( 102,  102) ( 102,  102) ( 102,  102) ( 102,  102) ( 102,  102) ( 102,  102) ( 102,  102) ( 102,  102) ( 102,  102)
          ( 102,  102) ( 102,  102) ( 102,  102) ( 102,  102) ( 102,  102) ( 102,  102) ( 102,  102) ( 102,  102) ( 102,  102) ( 102,  102)
          ( 102,  102) ( 102,  102) ( 102,  102) ( 102,  102) ( 102,  102) ( 102,  102) ( 102,  102) ( 102,  102) ( 102,  102) ( 102,  102)
          ( 102,  102) ( 102,  102) ( 102,  102) ( 102,  102) ( 102,  102) ( 102,  102) ( 102,  102) ( 102,  102) ( 102,  102) ( 102,  102)
          ( 102,  102) ( 102,  102) ( 102,  102) ( 102,  102) ( 102,  102) ( 102,  102) ( 102,  102) ( 102,  102) ( 102,  102) ( 102,  102)
          ( 102,  102) ( 102,  102) ( 102,  102) ( 102,  102) ( 102,  102) ( 102,  102) ( 102,  102) ( 102,  102) ( 102,  102) ( 102,  102)
          ( 102,  102) ( 102,  102) ( 102,  102) ( 102,  102) ( 102,  102) ( 102,  102) ( 102,  104) ( 105,  104) ( 105,  104) ( 105,  104)
          ( 105,  104) ( 105,  104) ( 105,  104) ( 105,  104) ( 105,  104) ( 105,  104) ( 105,  104) ( 105,  104) ( 105,  104) ( 105,  104)
          ( 105,  104) ( 105,  104) ( 105,  104) ( 105,  104) ( 105,  104) ( 105,  104) ( 105,  104) ( 105,  104) ( 105,  104) ( 105,  104)
          ( 105,  104) ( 105,  104) ( 105,  104) ( 105,  104) ( 105,  104) ( 105,  104) ( 105,   97) ( 105,   97) ( 105,   97) ( 105,   97)
          ( 105,   97) ( 105,   97) ( 105,   97) ( 105,   97) ( 105,   97) ( 105,   97) ( 105,   97) ( 105,   97) ( 105,   97) ( 105,   97)
          ( 105,   97) ( 105,   97) ( 105,   97) ( 105,   97) ( 105,   97) ( 105,   97) ( 105,  112) ( 129,  117) ( 138,  120) ( 138,  120)
          ( 138,  120) ( 138,  120) ( 138,  120) ( 138,  120) ( 138,  120) ( 138,  120) ( 138,  120) ( 138,  120) ( 138,  120) ( 138,  120)
          ( 138,  120) ( 138,  120) ( 138,  120) ( 138,  120) ( 138,  120) ( 138,  120) ( 138,  120) ( 138,  120) ( 138,  120) ( 138,  120)
          ( 138,  120) ( 138,  120) ( 138,  120) ( 138,  120) ( 138,  120) ( 138,  120) ( 139,  121) ( 138,  120) ( 138,  120) ( 138,  120)
          ( 138,  120) ( 138,  120) ( 138,  120) ( 138,  120) ( 138,  120) ( 138,  120) ( 140,   94) ( 138,   92) ( 138,   92) ( 138,   92)
          ( 138,   92) ( 138,   92) ( 138,   92) ( 138,   92) ( 138,   92) ( 138,   92) ( 138,   92) ( 138,   92) ( 138,   92) ( 138,   92)
          ( 138,   92) ( 138,   92) ( 138,   92) ( 138,   92) ( 138,   92) ( 138,   92) ( 138,   92) ( 138,   92) ( 138,  120) ( 138,  120)
          ( 138,  120) ( 138,  120) ( 138,  120) ( 138,  120) ( 138,  120) ( 138,  120) ( 138,  120) ( 138,  120) ( 138,  120) ( 138,  120)
          ( 138,  120) ( 138,  120) ( 138,  120) ( 138,  120) ( 138,  120) ( 138,  120) ( 138,  120) ( 138,  120) ( 138,  120) ( 138,  120)
          ( 138,  120) ( 138,  120) ( 138,  120) ( 138,  120) ( 138,  120) ( 138,  120) ( 138,  120) ( 138,  120) ( 138,  120) ( 138,  120)
          ( 138,  120) ( 138,  120) ( 138,  120) ( 138,  120) ( 138,  120) ( 138,  120) ( 138,  120) ( 138,  120) ( 138,  120) ( 138,  120)
          ( 138,  120) ( 138,  120) ( 138,  120) ( 138,  120) ( 138,  120) ( 138,  120) ( 138,  120) ( 138,  120) ( 138,  120) ( 138,  120)
          ( 138,  120) ( 138,  120) ( 138,  120) ( 138,  120) ( 138,  120) ( 138,  120) ( 138,  120) ( 138,  120) ( 138,  120) ( 138,  120)
          ( 138,  120) ( 138,  120) ( 138,  120) ( 138,  120) ( 138,  120) ( 138,  120) ( 138,  120) ( 138,  120) ( 138,  120) ( 138,  120)
          ( 138,  120) ( 138,  120) ( 138,  120) ( 138,  120) ( 138,  120) ( 138,  120) ( 138,  120) ( 138,  120) ( 138,  120) ( 138,  120)
          ( 138,  120) ( 138,  120) ( 138,  120) ( 138,  120) ( 138,  120) ( 138,  120) ( 138,  120) ( 138,  120) ( 138,  120) ( 138,  120)
          ( 138,  120) ( 138,  120) ( 138,  120) ( 138,  120) ( 138,  120) ( 138,  120) ( 138,  120) ( 138,  120) ( 138,  120) ( 138,  120)
          ( 138,  120) ( 138,  120) ( 138,  120) ( 138,  120) ( 138,  120) ( 138,  120) ( 138,  120) ( 138,  120) ( 138,  120) ( 138,  120)
          ( 138,  120) ( 138,  120) ( 138,  120) ( 138,  120) ( 138,  120) ( 138,  120) ( 138,  120) ( 138,  120) ( 138,  120) ( 138,  120)
          ( 138,  120) ( 138,  120) ( 138,  120) ( 138,  120) ( 138,  120) ( 138,  120) ( 138,  120) ( 138,  120) ( 138,  120) ( 138,  120)
          ( 138,  120) ( 138,  120) ( 138,  120) ( 138,  120) ( 138,  120) ( 138,  120) ( 138,  120) ( 138,  120) ( 138,  120) ( 138,  120)
          ( 138,  120) ( 138,  120) ( 138,  120) ( 138,  120) ( 138,  120) ( 138,  120) ( 138,  120) ( 138,  120) ( 138,  120) ( 138,  120)
          ( 138,  120) ( 138,  120) ( 138,  120) ( 138,  120) ( 138,  120) ( 138,  120) ( 138,  120) ( 138,  120) ( 138,  120) ( 138,  120)
          ( 138,  120) ( 138,  120) ( 138,  120) ( 138,  120) ( 138,  120) ( 138,  120) ( 138,  120) ( 138,  120) ( 138,  120) ( 138,  120)
          ( 138,  120) ( 138,  120) ( 138,  120) ( 138,  120) ( 138,  120) ( 138,  120) ( 138,  120) ( 138,  120) ( 138,  120) ( 138,  120)
          ( 138,  120) ( 138,  120) ( 138,  120) ( 138,  120) ( 138,  120) ( 138,  120) ( 138,  120) ( 138,  120) ( 138,  120) ( 138,  120)
          ( 138,  120) ( 138,  120) ( 138,  120) ( 138,  120) ( 138,  120) ( 138,  120) ( 138,  120) ( 138,  120) ( 138,  120) ( 138,  120)
          ( 138,  120) ( 138,  120) ( 138,  120) ( 138,  120) ( 138,  120) ( 138,  120) ( 138,  120) ( 138,  120) ( 138,  120) ( 138,  120)
          ( 138,  120) ( 138,  120) ( 138,  120) ( 138,  120) ( 138,  120) ( 138,  120) ( 138,  120) ( 138,  120) ( 138,  120) ( 138,  120)
          ( 138,  120) ( 138,  120) ( 138,  120) ( 138,  120) ( 138,  120) ( 138,  120) ( 138,  120) ( 138,  120) ( 138,  120) ( 138,  120)
          ( 138,  120) ( 138,  120) ( 138,  120) ( 138,  120) ( 138,  120) ( 138,  120) ( 138,  120) ( 138,  120) ( 138,  120) ( 138,  120)
          ( 138,  120) ( 138,  120) ( 138,  120) ( 138,  120) ( 138,  120) ( 138,  120) ( 138,  120) ( 138,  120) ( 138,  120) ( 138,  120)
          ( 138,  120) ( 138,  120) ( 138,  120) ( 138,  120) ( 138,  120) ( 138,  120) ( 138,  120) ( 138,  120) ( 138,  120) ( 138,  120)
          ( 138,  120) ( 138,  120) ( 138,  120) ( 138,  120) ( 138,  120) ( 138,  120) ( 138,  120) ( 138,  120) ( 138,  120) ( 138,  120)
          ( 138,  120) ( 138,  120) ( 138,  120) ( 138,  120) ( 138,  120) ( 138,  120) ( 138,  120) ( 138,  120) ( 138,  120) ( 138,  120)
          ( 138,  120) ( 138,  120) ( 138,  120) ( 138,  120) ( 138,  120) ( 138,  120) ( 138,  120) ( 138,  120) ( 138,  120) ( 138,  120)
          ( 138,  120) ( 138,  120) ( 138,  120) ( 138,  120) ( 138,  120) ( 138,  120) ( 138,  120) ( 138,  120) ( 138,  120) ( 138,  120)
          ( 138,  120) ( 138,  120) ( 138,  120) ( 138,  120) ( 138,  120) ( 138,  120) ( 138,  120) ( 138,  120) ( 138,  120) ( 138,  120)
          ( 138,  120) ( 138,  120) ( 138,  120) ( 138,  120) ( 138,  120) ( 138,  120) ( 138,  120) ( 138,  120) ( 138,  120) ( 138,  120)
          ( 138,  120) ( 138,  120) ( 138,  120) ( 138,  120) ( 138,  120) ( 138,  120) ( 138,  120) ( 138,  120) ( 138,  120) ( 138,  120)
          ( 138,  120) ( 138,  120) ( 138,  120) ( 138,  120) ( 138,  120) ( 138,  120) ( 138,  120) ( 138,  120) ( 138,  120) ( 138,  120)
          ( 138,  120) ( 138,  120) ( 138,  120) ( 138,  120) ( 138,  120) ( 138,  120) ( 138,  120) ( 138,  120) ( 138,  120) ( 138,  120)
          ( 138,  120) ( 138,  120) ( 138,  120) ( 138,  120) ( 138,  120) ( 138,  120) ( 138,  120) ( 138,  120) ( 138,  120) ( 138,  120)
          ( 138,  120) ( 138,  120) ( 138,  120) ( 138,  120) ( 138,  120) ( 138,  120) ( 138,  120) ( 138,  120) ( 138,  120) ( 138,  120)
          ( 138,  120) ( 138,  120) ( 138,  120) ( 138,  120) ( 138,  120) ( 138,  120) ( 138,  120) ( 138,  120) ( 138,  120) ( 138,  120)
          ( 138,  120) ( 138,  120) ( 138,  120) ( 138,  120) ( 138,  120) ( 138,  120) ( 138,  120) ( 138,  120) ( 138,  120) ( 138,  120)
         
node  10 sent_total  77524  recv_total  68580

